WARNING: A restricted method in java.lang.System has been called
WARNING: java.lang.System::load has been called by net.rubygrapefruit.platform.internal.NativeLibraryLoader in an unnamed module (file:/Users/Boys/.gradle/wrapper/dists/gradle-9.4.0-bin/lcvyxq3t37f6mx9miaydrrgs/gradle-9.4.0/lib/native-platform-0.22-milestone-29.jar)
WARNING: Use --enable-native-access=ALL-UNNAMED to avoid a warning for callers in this module
WARNING: Restricted methods will be blocked in a future release unless native access is enabled

Starting a Gradle Daemon, 1 incompatible and 2 stopped Daemons could not be reused, use --status for details
IntelliJ: false

> Configure project :
Fabric Loom: 1.10.5
Using local BCLib: false
Using local WunderLib: false

> Task :compileJava
Note: Some input files use or override a deprecated API.
Note: Recompile with -Xlint:deprecation for details.
Note: Some input files use unchecked or unsafe operations.
Note: Recompile with -Xlint:unchecked for details.

> Task :processResources UP-TO-DATE
> Task :classes
> Task :generateLog4jConfig UP-TO-DATE
> Task :generateRemapClasspath UP-TO-DATE
> Task :generateDLIConfig UP-TO-DATE
> Task :configureLaunch UP-TO-DATE
> Task :downloadAssets UP-TO-DATE
> Task :configureClientLaunch UP-TO-DATE

> Task :runClient FAILED
[34m[18:44:59][m [32m[main/INFO][m [36m(FabricLoader/GameProvider)[m [0mLoading Minecraft 1.21.1 with Fabric Loader 0.16.9
[m[34m[18:45:00][m [33m[ForkJoinPool-1-worker-7/WARN][m [36m(FabricLoader/Metadata)[m [0m"fabric.mod.json" from mod rei-fake did not have "schemaVersion" as first field.
[m[34m[18:45:00][m [33m[ForkJoinPool-1-worker-7/WARN][m [36m(FabricLoader/Metadata)[m [0mMod rei-fake uses the version ABC which isn't compatible with Loader's extended semantic version format (Could not parse version number component 'ABC'!), SemVer is recommended for reliably evaluating dependencies and prioritizing newer version
[m[34m[18:45:00][m [32m[main/INFO][m [36m(FabricLoader)[m [0mLoading 79 mods:
	- bclib 21.0.13
	- betterend 21.0.11
	- cardinal-components-base 6.1.1
	- cardinal-components-entity 6.1.0
	- emi 1.1.8+1.21+fabric
	- fabric-api 0.102.0+1.21.1
	- fabric-api-base 0.4.42+6573ed8cd1
	- fabric-api-lookup-api-v1 1.6.68+b55973446a
	- fabric-biome-api-v1 13.0.29+5bd9f1bc6a
	- fabric-block-api-v1 1.0.22+0af3f5a77c
	- fabric-block-view-api-v2 1.0.10+6573ed8c7c
	- fabric-blockrenderlayer-v1 1.1.52+0af3f5a77c
	- fabric-client-tags-api-v1 1.1.15+6573ed8c7c
	- fabric-command-api-v1 1.2.49+f71b366f6a
	- fabric-command-api-v2 2.2.28+6ced4dd96a
	- fabric-commands-v0 0.2.66+df3654b36a
	- fabric-content-registries-v0 8.0.16+b55973446a
	- fabric-convention-tags-v1 2.0.19+7f945d5b6a
	- fabric-convention-tags-v2 2.5.0+c5e2b5c66a
	- fabric-crash-report-info-v1 0.2.29+0af3f5a77c
	- fabric-data-attachment-api-v1 1.1.27+1daea2156a
	- fabric-data-generation-api-v1 20.2.16+16c4ae256a
	- fabric-dimensions-v1 4.0.0+6fc22b997c
	- fabric-entity-events-v1 1.6.12+6fc22b9948
	- fabric-events-interaction-v0 0.7.12+ba9dae066a
	- fabric-game-rule-api-v1 1.0.53+6ced4dd96a
	- fabric-gametest-api-v1 2.0.4+6fc22b996a
	- fabric-item-api-v1 11.0.0+afdfc9217c
	- fabric-item-group-api-v1 4.1.4+780172706a
	- fabric-key-binding-api-v1 1.0.47+0af3f5a77c
	- fabric-keybindings-v0 0.2.45+df3654b37c
	- fabric-lifecycle-events-v1 2.3.12+6c1df3606a
	- fabric-loot-api-v2 3.0.14+3f89f5a56a
	- fabric-loot-api-v3 1.0.2+3f89f5a56a
	- fabric-message-api-v1 6.0.13+6573ed8c7c
	- fabric-model-loading-api-v1 2.0.0+fe474d6b7c
	- fabric-networking-api-v1 4.2.2+60c3209b6a
	- fabric-object-builder-api-v1 15.2.0+40875a936a
	- fabric-particles-v1 4.0.2+6573ed8c7c
	- fabric-recipe-api-v1 5.0.12+650897126a
	- fabric-registry-sync-v0 5.1.2+60c3209b6a
	- fabric-renderer-api-v1 3.4.0+c705a49c6a
	- fabric-renderer-indigo 1.7.0+c705a49c6a
	- fabric-renderer-registries-v1 3.2.68+df3654b36a
	- fabric-rendering-data-attachment-v1 0.3.48+73761d2e7c
	- fabric-rendering-fluids-v1 3.1.6+1daea2156a
	- fabric-rendering-v0 1.1.71+df3654b36a
	- fabric-rendering-v1 5.0.5+df16efd06a
	- fabric-resource-conditions-api-v1 4.3.0+8dc279b16a
	- fabric-resource-loader-v0 1.3.0+565991296a
	- fabric-screen-api-v1 2.0.24+b55973447c
	- fabric-screen-handler-api-v1 1.3.86+b55973446a
	- fabric-sound-api-v1 1.0.23+6573ed8c7c
	- fabric-transfer-api-v1 5.1.16+3dccd3436a
	- fabric-transitive-access-wideners-v1 6.1.0+1daea2156a
	- fabricloader 0.16.9
	- java 25
	- minecraft 1.21.1
	- mixinextras 0.4.1
	- rei-fake ABC
	- trinkets 3.10.0
	- wover 21.0.13
	- wover-biome 21.0.13
	- wover-block 21.0.13
	- wover-common 21.0.13
	- wover-core 21.0.13
	- wover-datagen 21.0.13
	- wover-events 21.0.13
	- wover-feature 21.0.13
	- wover-generator 21.0.13
	- wover-item 21.0.13
	- wover-math 21.0.13
	- wover-preset 21.0.13
	- wover-recipe 21.0.13
	- wover-structure 21.0.13
	- wover-surface 21.0.13
	- wover-tag 21.0.13
	- wover-ui 21.0.13
	- wunderlib 21.0.8
[m[34m[18:45:00][m [32m[main/INFO][m [36m(FabricLoader/Mixin)[m [0mSpongePowered MIXIN Subsystem Version=0.8.7 Source=file:/Users/Boys/.gradle/caches/modules-2/files-2.1/net.fabricmc/sponge-mixin/0.15.4+mixin.0.8.7/6a12aacc794f1078458433116e9ed42c1cc98096/sponge-mixin-0.15.4+mixin.0.8.7.jar Service=Knot/Fabric Env=CLIENT
[m[34m[18:45:00][m [32m[main/INFO][m [36m(FabricLoader/Mixin)[m [0mLoaded Fabric development mappings for mixin remapper!
[m[34m[18:45:00][m [32m[main/INFO][m [36m(FabricLoader/Mixin)[m [0mCompatibility level set to JAVA_17
[m[34m[18:45:00][m [32m[main/INFO][m [36m(FabricLoader/Mixin)[m [0mCompatibility level set to JAVA_21
[m[34m[18:45:00][m [33m[main/WARN][m [36m(FabricLoader/Mixin)[m [0mError loading class: mezz/jei/library/load/PluginCaller (java.lang.ClassNotFoundException: mezz/jei/library/load/PluginCaller)
[m[34m[18:45:00][m [33m[main/WARN][m [36m(FabricLoader/Mixin)[m [0mError loading class: java/lang/invoke/MethodHandles$Lookup (java.lang.IllegalArgumentException: Unsupported class file major version 69)
[m[34m[18:45:00][m [33m[main/WARN][m [36m(FabricLoader/Mixin)[m [0mError loading class: java/lang/invoke/MethodHandles$Lookup (java.lang.IllegalArgumentException: Unsupported class file major version 69)
[m[34m[18:45:00][m [33m[main/WARN][m [36m(FabricLoader/Mixin)[m [0mError loading class: java/lang/invoke/MethodHandles$Lookup (java.lang.IllegalArgumentException: Unsupported class file major version 69)
[m[34m[18:45:00][m [33m[main/WARN][m [36m(FabricLoader/Mixin)[m [0mError loading class: java/lang/invoke/MethodHandles$Lookup (java.lang.IllegalArgumentException: Unsupported class file major version 69)
[m[34m[18:45:00][m [33m[main/WARN][m [36m(FabricLoader/Mixin)[m [0mError loading class: java/util/Map$Entry (java.lang.IllegalArgumentException: Unsupported class file major version 69)
[m[34m[18:45:00][m [33m[main/WARN][m [36m(FabricLoader/Mixin)[m [0mError loading class: java/lang/invoke/MethodHandles$Lookup (java.lang.IllegalArgumentException: Unsupported class file major version 69)
[m[34m[18:45:00][m [33m[main/WARN][m [36m(FabricLoader/Mixin)[m [0mError loading class: java/util/Map$Entry (java.lang.IllegalArgumentException: Unsupported class file major version 69)
[m[34m[18:45:00][m [33m[main/WARN][m [36m(FabricLoader/Mixin)[m [0mError loading class: java/lang/invoke/MethodHandles$Lookup (java.lang.IllegalArgumentException: Unsupported class file major version 69)
[m[34m[18:45:00][m [33m[main/WARN][m [36m(FabricLoader/Mixin)[m [0mError loading class: java/lang/invoke/MethodHandles$Lookup (java.lang.IllegalArgumentException: Unsupported class file major version 69)
[m[34m[18:45:00][m [33m[main/WARN][m [36m(FabricLoader/Mixin)[m [0mError loading class: java/lang/invoke/MethodHandles$Lookup (java.lang.IllegalArgumentException: Unsupported class file major version 69)
[m[34m[18:45:00][m [33m[main/WARN][m [36m(FabricLoader/Mixin)[m [0mError loading class: java/lang/invoke/MethodHandles$Lookup (java.lang.IllegalArgumentException: Unsupported class file major version 69)
[m[34m[18:45:00][m [33m[main/WARN][m [36m(FabricLoader/Mixin)[m [0mError loading class: java/lang/invoke/MethodHandles$Lookup (java.lang.IllegalArgumentException: Unsupported class file major version 69)
[m[34m[18:45:00][m [33m[main/WARN][m [36m(FabricLoader/Mixin)[m [0mError loading class: java/util/Map$Entry (java.lang.IllegalArgumentException: Unsupported class file major version 69)
[m[34m[18:45:00][m [33m[main/WARN][m [36m(FabricLoader/Mixin)[m [0mError loading class: java/lang/invoke/MethodHandles$Lookup (java.lang.IllegalArgumentException: Unsupported class file major version 69)
[m[34m[18:45:00][m [33m[main/WARN][m [36m(FabricLoader/Mixin)[m [0mError loading class: java/lang/invoke/MethodHandles$Lookup (java.lang.IllegalArgumentException: Unsupported class file major version 69)
[m[34m[18:45:00][m [33m[main/WARN][m [36m(FabricLoader/Mixin)[m [0mError loading class: java/lang/invoke/MethodHandles$Lookup (java.lang.IllegalArgumentException: Unsupported class file major version 69)
[m[34m[18:45:00][m [33m[main/WARN][m [36m(FabricLoader/Mixin)[m [0mError loading class: java/lang/invoke/MethodHandles$Lookup (java.lang.IllegalArgumentException: Unsupported class file major version 69)
[m[34m[18:45:00][m [33m[main/WARN][m [36m(FabricLoader/Mixin)[m [0mError loading class: java/lang/invoke/MethodHandles$Lookup (java.lang.IllegalArgumentException: Unsupported class file major version 69)
[m[34m[18:45:00][m [33m[main/WARN][m [36m(FabricLoader/Mixin)[m [0mError loading class: java/util/Map$Entry (java.lang.IllegalArgumentException: Unsupported class file major version 69)
[m[34m[18:45:00][m [33m[main/WARN][m [36m(FabricLoader/Mixin)[m [0mError loading class: java/lang/invoke/MethodHandles$Lookup (java.lang.IllegalArgumentException: Unsupported class file major version 69)
[m[34m[18:45:00][m [33m[main/WARN][m [36m(FabricLoader/Mixin)[m [0mError loading class: java/lang/invoke/MethodHandles$Lookup (java.lang.IllegalArgumentException: Unsupported class file major version 69)
[m[34m[18:45:00][m [33m[main/WARN][m [36m(FabricLoader/Mixin)[m [0mError loading class: java/util/Map$Entry (java.lang.IllegalArgumentException: Unsupported class file major version 69)
[m[34m[18:45:00][m [33m[main/WARN][m [36m(FabricLoader/Mixin)[m [0mError loading class: java/lang/invoke/MethodHandles$Lookup (java.lang.IllegalArgumentException: Unsupported class file major version 69)
[m[34m[18:45:00][m [33m[main/WARN][m [36m(FabricLoader/Mixin)[m [0mError loading class: java/lang/invoke/MethodHandles$Lookup (java.lang.IllegalArgumentException: Unsupported class file major version 69)
[m[34m[18:45:00][m [33m[main/WARN][m [36m(FabricLoader/Mixin)[m [0mError loading class: java/lang/invoke/MethodHandles$Lookup (java.lang.IllegalArgumentException: Unsupported class file major version 69)
[m[34m[18:45:00][m [33m[main/WARN][m [36m(FabricLoader/Mixin)[m [0mError loading class: java/lang/invoke/MethodHandles$Lookup (java.lang.IllegalArgumentException: Unsupported class file major version 69)
[m[34m[18:45:00][m [33m[main/WARN][m [36m(FabricLoader/Mixin)[m [0mError loading class: java/util/Map$Entry (java.lang.IllegalArgumentException: Unsupported class file major version 69)
[m[34m[18:45:00][m [33m[main/WARN][m [36m(FabricLoader/Mixin)[m [0mError loading class: java/lang/invoke/MethodHandles$Lookup (java.lang.IllegalArgumentException: Unsupported class file major version 69)
[m[34m[18:45:00][m [33m[main/WARN][m [36m(FabricLoader/Mixin)[m [0mError loading class: java/lang/invoke/MethodHandles$Lookup (java.lang.IllegalArgumentException: Unsupported class file major version 69)
[m[34m[18:45:00][m [33m[main/WARN][m [36m(FabricLoader/Mixin)[m [0mError loading class: java/lang/invoke/MethodHandles$Lookup (java.lang.IllegalArgumentException: Unsupported class file major version 69)
[m[34m[18:45:00][m [33m[main/WARN][m [36m(FabricLoader/Mixin)[m [0mError loading class: java/lang/invoke/MethodHandles$Lookup (java.lang.IllegalArgumentException: Unsupported class file major version 69)
[m[34m[18:45:00][m [33m[main/WARN][m [36m(FabricLoader/Mixin)[m [0mError loading class: java/lang/invoke/MethodHandles$Lookup (java.lang.IllegalArgumentException: Unsupported class file major version 69)
[m[34m[18:45:00][m [33m[main/WARN][m [36m(FabricLoader/Mixin)[m [0mError loading class: java/util/Map$Entry (java.lang.IllegalArgumentException: Unsupported class file major version 69)
[m[34m[18:45:00][m [33m[main/WARN][m [36m(FabricLoader/Mixin)[m [0mError loading class: java/lang/invoke/MethodHandles$Lookup (java.lang.IllegalArgumentException: Unsupported class file major version 69)
[m[34m[18:45:00][m [33m[main/WARN][m [36m(FabricLoader/Mixin)[m [0mError loading class: java/lang/invoke/MethodHandles$Lookup (java.lang.IllegalArgumentException: Unsupported class file major version 69)
[m[34m[18:45:00][m [33m[main/WARN][m [36m(FabricLoader/Mixin)[m [0mError loading class: java/lang/invoke/MethodHandles$Lookup (java.lang.IllegalArgumentException: Unsupported class file major version 69)
[m[34m[18:45:00][m [33m[main/WARN][m [36m(FabricLoader/Mixin)[m [0mError loading class: java/lang/invoke/MethodHandles$Lookup (java.lang.IllegalArgumentException: Unsupported class file major version 69)
[m[34m[18:45:00][m [33m[main/WARN][m [36m(FabricLoader/Mixin)[m [0mError loading class: java/lang/invoke/MethodHandles$Lookup (java.lang.IllegalArgumentException: Unsupported class file major version 69)
[m[34m[18:45:00][m [33m[main/WARN][m [36m(FabricLoader/Mixin)[m [0mError loading class: java/util/Map$Entry (java.lang.IllegalArgumentException: Unsupported class file major version 69)
[m[34m[18:45:00][m [33m[main/WARN][m [36m(FabricLoader/Mixin)[m [0mError loading class: java/lang/invoke/MethodHandles$Lookup (java.lang.IllegalArgumentException: Unsupported class file major version 69)
[m[34m[18:45:00][m [33m[main/WARN][m [36m(FabricLoader/Mixin)[m [0mError loading class: java/lang/invoke/MethodHandles$Lookup (java.lang.IllegalArgumentException: Unsupported class file major version 69)
[m[34m[18:45:00][m [33m[main/WARN][m [36m(FabricLoader/Mixin)[m [0mError loading class: java/lang/invoke/MethodHandles$Lookup (java.lang.IllegalArgumentException: Unsupported class file major version 69)
[m[34m[18:45:00][m [33m[main/WARN][m [36m(FabricLoader/Mixin)[m [0mError loading class: java/lang/invoke/MethodHandles$Lookup (java.lang.IllegalArgumentException: Unsupported class file major version 69)
[m[34m[18:45:00][m [33m[main/WARN][m [36m(FabricLoader/Mixin)[m [0mError loading class: java/util/Map$Entry (java.lang.IllegalArgumentException: Unsupported class file major version 69)
[m[34m[18:45:00][m [33m[main/WARN][m [36m(FabricLoader/Mixin)[m [0mError loading class: java/lang/invoke/MethodHandles$Lookup (java.lang.IllegalArgumentException: Unsupported class file major version 69)
[m[34m[18:45:00][m [33m[main/WARN][m [36m(FabricLoader/Mixin)[m [0mError loading class: java/lang/invoke/MethodHandles$Lookup (java.lang.IllegalArgumentException: Unsupported class file major version 69)
[m[34m[18:45:00][m [33m[main/WARN][m [36m(FabricLoader/Mixin)[m [0mError loading class: java/lang/invoke/MethodHandles$Lookup (java.lang.IllegalArgumentException: Unsupported class file major version 69)
[m[34m[18:45:00][m [33m[main/WARN][m [36m(FabricLoader/Mixin)[m [0mError loading class: java/lang/invoke/MethodHandles$Lookup (java.lang.IllegalArgumentException: Unsupported class file major version 69)
[m[34m[18:45:00][m [33m[main/WARN][m [36m(FabricLoader/Mixin)[m [0mError loading class: java/lang/invoke/MethodHandles$Lookup (java.lang.IllegalArgumentException: Unsupported class file major version 69)
[m[34m[18:45:00][m [33m[main/WARN][m [36m(FabricLoader/Mixin)[m [0mError loading class: java/lang/invoke/MethodHandles$Lookup (java.lang.IllegalArgumentException: Unsupported class file major version 69)
[m[34m[18:45:00][m [33m[main/WARN][m [36m(FabricLoader/Mixin)[m [0mError loading class: java/lang/invoke/MethodHandles$Lookup (java.lang.IllegalArgumentException: Unsupported class file major version 69)
[m[34m[18:45:00][m [31m[main/ERROR][m [36m(FabricLoader/Mixin)[m [31mbclib.mixins.client.json:AnvilScreenMixin from mod bclib: method_25402 does not exist in target interface net.minecraft.client.gui.components.events.ContainerEventHandler
[m org.spongepowered.asm.mixin.transformer.throwables.InvalidMixinException: method_25402 does not exist in target interface net.minecraft.client.gui.components.events.ContainerEventHandler
	at org.spongepowered.asm.mixin.transformer.InterfaceInfo.renameMethod(InterfaceInfo.java:188) ~[sponge-mixin-0.15.4+mixin.0.8.7.jar:0.15.4+mixin.0.8.7]
	at org.spongepowered.asm.mixin.transformer.MixinPreProcessorStandard.prepareSoftImplements(MixinPreProcessorStandard.java:234) ~[sponge-mixin-0.15.4+mixin.0.8.7.jar:0.15.4+mixin.0.8.7]
	at org.spongepowered.asm.mixin.transformer.MixinPreProcessorStandard.prepareMethod(MixinPreProcessorStandard.java:215) ~[sponge-mixin-0.15.4+mixin.0.8.7.jar:0.15.4+mixin.0.8.7]
	at org.spongepowered.asm.mixin.transformer.MixinPreProcessorStandard.prepare(MixinPreProcessorStandard.java:184) ~[sponge-mixin-0.15.4+mixin.0.8.7.jar:0.15.4+mixin.0.8.7]
	at org.spongepowered.asm.mixin.transformer.MixinInfo$State.validateChanges(MixinInfo.java:442) ~[sponge-mixin-0.15.4+mixin.0.8.7.jar:0.15.4+mixin.0.8.7]
	at org.spongepowered.asm.mixin.transformer.MixinInfo$State.validate(MixinInfo.java:342) ~[sponge-mixin-0.15.4+mixin.0.8.7.jar:0.15.4+mixin.0.8.7]
	at org.spongepowered.asm.mixin.transformer.MixinInfo.validate(MixinInfo.java:913) ~[sponge-mixin-0.15.4+mixin.0.8.7.jar:0.15.4+mixin.0.8.7]
	at org.spongepowered.asm.mixin.transformer.MixinConfig.postInitialise(MixinConfig.java:884) [sponge-mixin-0.15.4+mixin.0.8.7.jar:0.15.4+mixin.0.8.7]
	at org.spongepowered.asm.mixin.transformer.MixinProcessor.prepareConfigs(MixinProcessor.java:568) [sponge-mixin-0.15.4+mixin.0.8.7.jar:0.15.4+mixin.0.8.7]
	at org.spongepowered.asm.mixin.transformer.MixinProcessor.select(MixinProcessor.java:462) [sponge-mixin-0.15.4+mixin.0.8.7.jar:0.15.4+mixin.0.8.7]
	at org.spongepowered.asm.mixin.transformer.MixinProcessor.checkSelect(MixinProcessor.java:438) [sponge-mixin-0.15.4+mixin.0.8.7.jar:0.15.4+mixin.0.8.7]
	at org.spongepowered.asm.mixin.transformer.MixinProcessor.applyMixins(MixinProcessor.java:290) [sponge-mixin-0.15.4+mixin.0.8.7.jar:0.15.4+mixin.0.8.7]
	at org.spongepowered.asm.mixin.transformer.MixinTransformer.transformClass(MixinTransformer.java:234) [sponge-mixin-0.15.4+mixin.0.8.7.jar:0.15.4+mixin.0.8.7]
	at org.spongepowered.asm.mixin.transformer.MixinTransformer.transformClassBytes(MixinTransformer.java:202) [sponge-mixin-0.15.4+mixin.0.8.7.jar:0.15.4+mixin.0.8.7]
	at net.fabricmc.loader.impl.launch.knot.KnotClassDelegate.getPostMixinClassByteArray(KnotClassDelegate.java:422) [fabric-loader-0.16.9.jar:?]
	at net.fabricmc.loader.impl.launch.knot.KnotClassDelegate.tryLoadClass(KnotClassDelegate.java:323) [fabric-loader-0.16.9.jar:?]
	at net.fabricmc.loader.impl.launch.knot.KnotClassDelegate.loadClass(KnotClassDelegate.java:218) [fabric-loader-0.16.9.jar:?]
	at net.fabricmc.loader.impl.launch.knot.KnotClassLoader.loadClass(KnotClassLoader.java:119) [fabric-loader-0.16.9.jar:?]
	at java.base/java.lang.ClassLoader.loadClass(ClassLoader.java:490) [?:?]
	at net.fabricmc.loader.impl.game.minecraft.MinecraftGameProvider.launch(MinecraftGameProvider.java:473) [fabric-loader-0.16.9.jar:?]
	at net.fabricmc.loader.impl.launch.knot.Knot.launch(Knot.java:74) [fabric-loader-0.16.9.jar:?]
	at net.fabricmc.loader.impl.launch.knot.KnotClient.main(KnotClient.java:23) [fabric-loader-0.16.9.jar:?]
	at net.fabricmc.devlaunchinjector.Main.main(Main.java:86) [dev-launch-injector-0.2.1+build.8.jar:?]
[34m[18:45:00][m [33m[main/WARN][m [36m(FabricLoader/Mixin)[m [0mError loading class: java/lang/invoke/MethodHandles$Lookup (java.lang.IllegalArgumentException: Unsupported class file major version 69)
[m[34m[18:45:00][m [33m[main/WARN][m [36m(FabricLoader/Mixin)[m [0mError loading class: java/lang/invoke/MethodHandles$Lookup (java.lang.IllegalArgumentException: Unsupported class file major version 69)
[m[34m[18:45:00][m [33m[main/WARN][m [36m(FabricLoader/Mixin)[m [0mError loading class: java/lang/invoke/MethodHandles$Lookup (java.lang.IllegalArgumentException: Unsupported class file major version 69)
[m[34m[18:45:00][m [33m[main/WARN][m [36m(FabricLoader/Mixin)[m [0mError loading class: java/lang/invoke/MethodHandles$Lookup (java.lang.IllegalArgumentException: Unsupported class file major version 69)
[m[34m[18:45:00][m [33m[main/WARN][m [36m(FabricLoader/Mixin)[m [0mError loading class: java/lang/invoke/MethodHandles$Lookup (java.lang.IllegalArgumentException: Unsupported class file major version 69)
[m[34m[18:45:00][m [33m[main/WARN][m [36m(FabricLoader/Mixin)[m [0mError loading class: java/lang/invoke/MethodHandles$Lookup (java.lang.IllegalArgumentException: Unsupported class file major version 69)
[m[34m[18:45:00][m [33m[main/WARN][m [36m(FabricLoader/Mixin)[m [0mError loading class: java/lang/invoke/MethodHandles$Lookup (java.lang.IllegalArgumentException: Unsupported class file major version 69)
[m[34m[18:45:00][m [33m[main/WARN][m [36m(FabricLoader/Mixin)[m [0mError loading class: java/lang/invoke/MethodHandles$Lookup (java.lang.IllegalArgumentException: Unsupported class file major version 69)
[m[34m[18:45:00][m [33m[main/WARN][m [36m(FabricLoader/Mixin)[m [0mError loading class: java/lang/invoke/MethodHandles$Lookup (java.lang.IllegalArgumentException: Unsupported class file major version 69)
[m[34m[18:45:00][m [33m[main/WARN][m [36m(FabricLoader/Mixin)[m [0mError loading class: java/lang/invoke/MethodHandles$Lookup (java.lang.IllegalArgumentException: Unsupported class file major version 69)
[m[34m[18:45:00][m [33m[main/WARN][m [36m(FabricLoader/Mixin)[m [0mError loading class: java/lang/invoke/MethodHandles$Lookup (java.lang.IllegalArgumentException: Unsupported class file major version 69)
[m[34m[18:45:00][m [33m[main/WARN][m [36m(FabricLoader/Mixin)[m [0mError loading class: java/lang/invoke/MethodHandles$Lookup (java.lang.IllegalArgumentException: Unsupported class file major version 69)
[m[34m[18:45:00][m [33m[main/WARN][m [36m(FabricLoader/Mixin)[m [0mError loading class: java/lang/invoke/MethodHandles$Lookup (java.lang.IllegalArgumentException: Unsupported class file major version 69)
[m[34m[18:45:00][m [33m[main/WARN][m [36m(FabricLoader/Mixin)[m [0mError loading class: java/lang/invoke/MethodHandles$Lookup (java.lang.IllegalArgumentException: Unsupported class file major version 69)
[m[34m[18:45:00][m [33m[main/WARN][m [36m(FabricLoader/Mixin)[m [0mError loading class: java/lang/invoke/MethodHandles$Lookup (java.lang.IllegalArgumentException: Unsupported class file major version 69)
[m[34m[18:45:00][m [33m[main/WARN][m [36m(FabricLoader/Mixin)[m [0mError loading class: java/lang/invoke/MethodHandles$Lookup (java.lang.IllegalArgumentException: Unsupported class file major version 69)
[m[34m[18:45:00][m [33m[main/WARN][m [36m(FabricLoader/Mixin)[m [0mError loading class: java/lang/invoke/MethodHandles$Lookup (java.lang.IllegalArgumentException: Unsupported class file major version 69)
[m[34m[18:45:00][m [33m[main/WARN][m [36m(FabricLoader/Mixin)[m [0mError loading class: java/lang/invoke/MethodHandles$Lookup (java.lang.IllegalArgumentException: Unsupported class file major version 69)
[m[34m[18:45:00][m [33m[main/WARN][m [36m(FabricLoader/Mixin)[m [0mError loading class: java/lang/invoke/MethodHandles$Lookup (java.lang.IllegalArgumentException: Unsupported class file major version 69)
[m[34m[18:45:00][m [33m[main/WARN][m [36m(FabricLoader/Mixin)[m [0mError loading class: java/lang/invoke/MethodHandles$Lookup (java.lang.IllegalArgumentException: Unsupported class file major version 69)
[m[34m[18:45:00][m [33m[main/WARN][m [36m(FabricLoader/Mixin)[m [0mError loading class: java/lang/invoke/MethodHandles$Lookup (java.lang.IllegalArgumentException: Unsupported class file major version 69)
[m[34m[18:45:00][m [33m[main/WARN][m [36m(FabricLoader/Mixin)[m [0mError loading class: java/lang/invoke/MethodHandles$Lookup (java.lang.IllegalArgumentException: Unsupported class file major version 69)
[m[34m[18:45:00][m [33m[main/WARN][m [36m(FabricLoader/Mixin)[m [0mError loading class: java/lang/invoke/MethodHandles$Lookup (java.lang.IllegalArgumentException: Unsupported class file major version 69)
[m[34m[18:45:00][m [33m[main/WARN][m [36m(FabricLoader/Mixin)[m [0mError loading class: java/lang/invoke/MethodHandles$Lookup (java.lang.IllegalArgumentException: Unsupported class file major version 69)
[m[34m[18:45:00][m [33m[main/WARN][m [36m(FabricLoader/Mixin)[m [0mError loading class: java/lang/invoke/MethodHandles$Lookup (java.lang.IllegalArgumentException: Unsupported class file major version 69)
[m[34m[18:45:00][m [33m[main/WARN][m [36m(FabricLoader/Mixin)[m [0mError loading class: java/lang/invoke/MethodHandles$Lookup (java.lang.IllegalArgumentException: Unsupported class file major version 69)
[m[34m[18:45:00][m [33m[main/WARN][m [36m(FabricLoader/Mixin)[m [0mError loading class: java/lang/invoke/MethodHandles$Lookup (java.lang.IllegalArgumentException: Unsupported class file major version 69)
[m[34m[18:45:00][m [33m[main/WARN][m [36m(FabricLoader/Mixin)[m [0mError loading class: java/lang/invoke/MethodHandles$Lookup (java.lang.IllegalArgumentException: Unsupported class file major version 69)
[m[34m[18:45:00][m [33m[main/WARN][m [36m(FabricLoader/Mixin)[m [0mError loading class: java/lang/invoke/MethodHandles$Lookup (java.lang.IllegalArgumentException: Unsupported class file major version 69)
[m[34m[18:45:00][m [33m[main/WARN][m [36m(FabricLoader/Mixin)[m [0mError loading class: java/lang/invoke/MethodHandles$Lookup (java.lang.IllegalArgumentException: Unsupported class file major version 69)
[m[34m[18:45:00][m [33m[main/WARN][m [36m(FabricLoader/Mixin)[m [0mError loading class: java/lang/invoke/MethodHandles$Lookup (java.lang.IllegalArgumentException: Unsupported class file major version 69)
[m[34m[18:45:00][m [33m[main/WARN][m [36m(FabricLoader/Mixin)[m [0mError loading class: java/lang/invoke/MethodHandles$Lookup (java.lang.IllegalArgumentException: Unsupported class file major version 69)
[m[34m[18:45:00][m [33m[main/WARN][m [36m(FabricLoader/Mixin)[m [0mError loading class: java/lang/invoke/MethodHandles$Lookup (java.lang.IllegalArgumentException: Unsupported class file major version 69)
[m[34m[18:45:00][m [33m[main/WARN][m [36m(FabricLoader/Mixin)[m [0mError loading class: java/lang/invoke/MethodHandles$Lookup (java.lang.IllegalArgumentException: Unsupported class file major version 69)
[m[34m[18:45:00][m [33m[main/WARN][m [36m(FabricLoader/Mixin)[m [0mError loading class: java/lang/invoke/MethodHandles$Lookup (java.lang.IllegalArgumentException: Unsupported class file major version 69)
[m[34m[18:45:00][m [33m[main/WARN][m [36m(FabricLoader/Mixin)[m [0mError loading class: java/lang/invoke/MethodHandles$Lookup (java.lang.IllegalArgumentException: Unsupported class file major version 69)
[m[34m[18:45:00][m [33m[main/WARN][m [36m(FabricLoader/Mixin)[m [0mError loading class: java/lang/invoke/MethodHandles$Lookup (java.lang.IllegalArgumentException: Unsupported class file major version 69)
[m[34m[18:45:00][m [33m[main/WARN][m [36m(FabricLoader/Mixin)[m [0mError loading class: java/lang/invoke/MethodHandles$Lookup (java.lang.IllegalArgumentException: Unsupported class file major version 69)
[m[34m[18:45:00][m [33m[main/WARN][m [36m(FabricLoader/Mixin)[m [0mError loading class: java/lang/invoke/MethodHandles$Lookup (java.lang.IllegalArgumentException: Unsupported class file major version 69)
[m[34m[18:45:00][m [33m[main/WARN][m [36m(FabricLoader/Mixin)[m [0mError loading class: java/lang/invoke/MethodHandles$Lookup (java.lang.IllegalArgumentException: Unsupported class file major version 69)
[m[34m[18:45:00][m [33m[main/WARN][m [36m(FabricLoader/Mixin)[m [0mError loading class: java/lang/invoke/MethodHandles$Lookup (java.lang.IllegalArgumentException: Unsupported class file major version 69)
[m[34m[18:45:00][m [33m[main/WARN][m [36m(FabricLoader/Mixin)[m [0mError loading class: java/lang/invoke/MethodHandles$Lookup (java.lang.IllegalArgumentException: Unsupported class file major version 69)
[m[34m[18:45:00][m [33m[main/WARN][m [36m(FabricLoader/Mixin)[m [0mError loading class: java/lang/invoke/MethodHandles$Lookup (java.lang.IllegalArgumentException: Unsupported class file major version 69)
[m[34m[18:45:00][m [33m[main/WARN][m [36m(FabricLoader/Mixin)[m [0mError loading class: java/lang/invoke/MethodHandles$Lookup (java.lang.IllegalArgumentException: Unsupported class file major version 69)
[m[34m[18:45:00][m [33m[main/WARN][m [36m(FabricLoader/Mixin)[m [0mError loading class: java/lang/invoke/MethodHandles$Lookup (java.lang.IllegalArgumentException: Unsupported class file major version 69)
[m[34m[18:45:00][m [33m[main/WARN][m [36m(FabricLoader/Mixin)[m [0mError loading class: java/lang/invoke/MethodHandles$Lookup (java.lang.IllegalArgumentException: Unsupported class file major version 69)
[m[34m[18:45:00][m [33m[main/WARN][m [36m(FabricLoader/Mixin)[m [0mError loading class: java/lang/invoke/MethodHandles$Lookup (java.lang.IllegalArgumentException: Unsupported class file major version 69)
[m[34m[18:45:00][m [33m[main/WARN][m [36m(FabricLoader/Mixin)[m [0mError loading class: java/lang/invoke/MethodHandles$Lookup (java.lang.IllegalArgumentException: Unsupported class file major version 69)
[m[34m[18:45:00][m [33m[main/WARN][m [36m(FabricLoader/Mixin)[m [0mError loading class: java/lang/invoke/MethodHandles$Lookup (java.lang.IllegalArgumentException: Unsupported class file major version 69)
[m[34m[18:45:01][m [32m[main/INFO][m [36m(FabricLoader/MixinExtras|Service)[m [0mInitializing MixinExtras via com.llamalad7.mixinextras.service.MixinExtrasServiceImpl(version=0.4.1).
[m[34m[18:45:01][m [33m[main/WARN][m [36m(FabricLoader/Mixin)[m [0mError loading class: java/util/Map (java.lang.IllegalArgumentException: Unsupported class file major version 69)
[m[34m[18:45:01][m [31m[main/ERROR][m [36m(FabricLoader/Mixin)[m [31mMixin apply for mod trinkets failed trinkets.mixins.json:datafixer.Schema1460Mixin from mod trinkets -> net.minecraft.util.datafix.schemas.V1460: org.spongepowered.asm.mixin.transformer.throwables.InvalidMixinException Unexpecteded ClassMetadataNotFoundException whilst transforming the mixin class: [MAIN Applicator Phase -> trinkets.mixins.json:datafixer.Schema1460Mixin from mod trinkets -> Apply Methods -> (Lcom/mojang/datafixers/schemas/Schema;Ljava/util/Map;Ljava/util/Map;Lorg/spongepowered/asm/mixin/injection/callback/CallbackInfo;)V:handler$zza000$trinkets$captureSchema -> Transform LVT -> var=entityTypes -> desc=Ljava/util/Map;]
[m org.spongepowered.asm.mixin.transformer.throwables.InvalidMixinException: Unexpecteded ClassMetadataNotFoundException whilst transforming the mixin class: [MAIN Applicator Phase -> trinkets.mixins.json:datafixer.Schema1460Mixin from mod trinkets -> Apply Methods -> (Lcom/mojang/datafixers/schemas/Schema;Ljava/util/Map;Ljava/util/Map;Lorg/spongepowered/asm/mixin/injection/callback/CallbackInfo;)V:handler$zza000$trinkets$captureSchema -> Transform LVT -> var=entityTypes -> desc=Ljava/util/Map;]
	at org.spongepowered.asm.mixin.transformer.MixinTargetContext.transformMethod(MixinTargetContext.java:520) ~[sponge-mixin-0.15.4+mixin.0.8.7.jar:0.15.4+mixin.0.8.7]
	at org.spongepowered.asm.mixin.transformer.MixinApplicatorStandard.applyNormalMethod(MixinApplicatorStandard.java:463) ~[sponge-mixin-0.15.4+mixin.0.8.7.jar:0.15.4+mixin.0.8.7]
	at org.spongepowered.asm.mixin.transformer.MixinApplicatorStandard.applyMethods(MixinApplicatorStandard.java:449) ~[sponge-mixin-0.15.4+mixin.0.8.7.jar:0.15.4+mixin.0.8.7]
	at org.spongepowered.asm.mixin.transformer.MixinApplicatorStandard.applyMixin(MixinApplicatorStandard.java:308) ~[sponge-mixin-0.15.4+mixin.0.8.7.jar:0.15.4+mixin.0.8.7]
	at org.spongepowered.asm.mixin.transformer.MixinApplicatorStandard.apply(MixinApplicatorStandard.java:246) ~[sponge-mixin-0.15.4+mixin.0.8.7.jar:0.15.4+mixin.0.8.7]
	at org.spongepowered.asm.mixin.transformer.TargetClassContext.apply(TargetClassContext.java:437) ~[sponge-mixin-0.15.4+mixin.0.8.7.jar:0.15.4+mixin.0.8.7]
	at org.spongepowered.asm.mixin.transformer.TargetClassContext.applyMixins(TargetClassContext.java:418) ~[sponge-mixin-0.15.4+mixin.0.8.7.jar:0.15.4+mixin.0.8.7]
	at org.spongepowered.asm.mixin.transformer.MixinProcessor.applyMixins(MixinProcessor.java:363) [sponge-mixin-0.15.4+mixin.0.8.7.jar:0.15.4+mixin.0.8.7]
	at org.spongepowered.asm.mixin.transformer.MixinTransformer.transformClass(MixinTransformer.java:234) [sponge-mixin-0.15.4+mixin.0.8.7.jar:0.15.4+mixin.0.8.7]
	at org.spongepowered.asm.mixin.transformer.MixinTransformer.transformClassBytes(MixinTransformer.java:202) [sponge-mixin-0.15.4+mixin.0.8.7.jar:0.15.4+mixin.0.8.7]
	at net.fabricmc.loader.impl.launch.knot.KnotClassDelegate.getPostMixinClassByteArray(KnotClassDelegate.java:422) [fabric-loader-0.16.9.jar:?]
	at net.fabricmc.loader.impl.launch.knot.KnotClassDelegate.tryLoadClass(KnotClassDelegate.java:323) [fabric-loader-0.16.9.jar:?]
	at net.fabricmc.loader.impl.launch.knot.KnotClassDelegate.loadClass(KnotClassDelegate.java:218) [fabric-loader-0.16.9.jar:?]
	at net.fabricmc.loader.impl.launch.knot.KnotClassLoader.loadClass(KnotClassLoader.java:119) [fabric-loader-0.16.9.jar:?]
	at java.base/java.lang.ClassLoader.loadClass(ClassLoader.java:490) [?:?]
	at knot/net.minecraft.util.datafix.DataFixers.addFixers(DataFixers.java:542) [minecraft-merged-bb0e1db5a6-1.21.1-loom.mappings.1_21_1.layered+hash.2198-v2.jar:?]
	at knot/net.minecraft.util.datafix.DataFixers.createFixerUpper(DataFixers.java:329) [minecraft-merged-bb0e1db5a6-1.21.1-loom.mappings.1_21_1.layered+hash.2198-v2.jar:?]
	at knot/net.minecraft.util.datafix.DataFixers.<clinit>(DataFixers.java:317) [minecraft-merged-bb0e1db5a6-1.21.1-loom.mappings.1_21_1.layered+hash.2198-v2.jar:?]
	at knot/net.minecraft.client.main.Main.main(Main.java:124) [minecraft-merged-bb0e1db5a6-1.21.1-loom.mappings.1_21_1.layered+hash.2198-v2.jar:?]
	at net.fabricmc.loader.impl.game.minecraft.MinecraftGameProvider.launch(MinecraftGameProvider.java:480) [fabric-loader-0.16.9.jar:?]
	at net.fabricmc.loader.impl.launch.knot.Knot.launch(Knot.java:74) [fabric-loader-0.16.9.jar:?]
	at net.fabricmc.loader.impl.launch.knot.KnotClient.main(KnotClient.java:23) [fabric-loader-0.16.9.jar:?]
	at net.fabricmc.devlaunchinjector.Main.main(Main.java:86) [dev-launch-injector-0.2.1+build.8.jar:?]
Caused by: org.spongepowered.asm.mixin.throwables.ClassMetadataNotFoundException: java.util.Map
	at org.spongepowered.asm.mixin.transformer.MixinTargetContext.transformSingleDescriptor(MixinTargetContext.java:1016) ~[sponge-mixin-0.15.4+mixin.0.8.7.jar:0.15.4+mixin.0.8.7]
	at org.spongepowered.asm.mixin.transformer.MixinTargetContext.transformSingleDescriptor(MixinTargetContext.java:976) ~[sponge-mixin-0.15.4+mixin.0.8.7.jar:0.15.4+mixin.0.8.7]
	at org.spongepowered.asm.mixin.transformer.MixinTargetContext.transformLVT(MixinTargetContext.java:573) ~[sponge-mixin-0.15.4+mixin.0.8.7.jar:0.15.4+mixin.0.8.7]
	at org.spongepowered.asm.mixin.transformer.MixinTargetContext.transformMethod(MixinTargetContext.java:479) ~[sponge-mixin-0.15.4+mixin.0.8.7.jar:0.15.4+mixin.0.8.7]
	... 22 more
[34m[18:45:01][m [33m[main/WARN][m [36m(FabricLoader/Mixin)[m [0mError loading class: java/lang/invoke/LambdaMetafactory (java.lang.IllegalArgumentException: Unsupported class file major version 69)
[m[34m[18:45:01][m [31m[main/ERROR][m [36m(FabricLoader)[m [31mMinecraft has crashed!
[m net.fabricmc.loader.impl.FormattedException: java.lang.RuntimeException: Mixin transformation of net.minecraft.SystemReport failed
	at net.fabricmc.loader.impl.FormattedException.ofLocalized(FormattedException.java:63) ~[fabric-loader-0.16.9.jar:?]
	at net.fabricmc.loader.impl.game.minecraft.MinecraftGameProvider.launch(MinecraftGameProvider.java:482) ~[fabric-loader-0.16.9.jar:?]
	at net.fabricmc.loader.impl.launch.knot.Knot.launch(Knot.java:74) [fabric-loader-0.16.9.jar:?]
	at net.fabricmc.loader.impl.launch.knot.KnotClient.main(KnotClient.java:23) [fabric-loader-0.16.9.jar:?]
	at net.fabricmc.devlaunchinjector.Main.main(Main.java:86) [dev-launch-injector-0.2.1+build.8.jar:?]
Caused by: java.lang.RuntimeException: Mixin transformation of net.minecraft.SystemReport failed
	at net.fabricmc.loader.impl.launch.knot.KnotClassDelegate.getPostMixinClassByteArray(KnotClassDelegate.java:427) ~[fabric-loader-0.16.9.jar:?]
	at net.fabricmc.loader.impl.launch.knot.KnotClassDelegate.tryLoadClass(KnotClassDelegate.java:323) ~[fabric-loader-0.16.9.jar:?]
	at net.fabricmc.loader.impl.launch.knot.KnotClassDelegate.loadClass(KnotClassDelegate.java:218) ~[fabric-loader-0.16.9.jar:?]
	at net.fabricmc.loader.impl.launch.knot.KnotClassLoader.loadClass(KnotClassLoader.java:119) ~[fabric-loader-0.16.9.jar:?]
	at java.base/java.lang.ClassLoader.loadClass(ClassLoader.java:490) ~[?:?]
	at knot/net.minecraft.CrashReport.<init>(CrashReport.java:35) ~[minecraft-merged-bb0e1db5a6-1.21.1-loom.mappings.1_21_1.layered+hash.2198-v2.jar:?]
	at knot/net.minecraft.CrashReport.forThrowable(CrashReport.java:226) ~[minecraft-merged-bb0e1db5a6-1.21.1-loom.mappings.1_21_1.layered+hash.2198-v2.jar:?]
	at knot/net.minecraft.client.main.Main.main(Main.java:207) ~[minecraft-merged-bb0e1db5a6-1.21.1-loom.mappings.1_21_1.layered+hash.2198-v2.jar:?]
	at net.fabricmc.loader.impl.game.minecraft.MinecraftGameProvider.launch(MinecraftGameProvider.java:480) ~[fabric-loader-0.16.9.jar:?]
	... 3 more
Caused by: org.spongepowered.asm.mixin.transformer.throwables.MixinTransformerError: An unexpected critical error was encountered
	at org.spongepowered.asm.mixin.transformer.MixinProcessor.applyMixins(MixinProcessor.java:392) ~[sponge-mixin-0.15.4+mixin.0.8.7.jar:0.15.4+mixin.0.8.7]
	at org.spongepowered.asm.mixin.transformer.MixinTransformer.transformClass(MixinTransformer.java:234) ~[sponge-mixin-0.15.4+mixin.0.8.7.jar:0.15.4+mixin.0.8.7]
	at org.spongepowered.asm.mixin.transformer.MixinTransformer.transformClassBytes(MixinTransformer.java:202) ~[sponge-mixin-0.15.4+mixin.0.8.7.jar:0.15.4+mixin.0.8.7]
	at net.fabricmc.loader.impl.launch.knot.KnotClassDelegate.getPostMixinClassByteArray(KnotClassDelegate.java:422) ~[fabric-loader-0.16.9.jar:?]
	at net.fabricmc.loader.impl.launch.knot.KnotClassDelegate.tryLoadClass(KnotClassDelegate.java:323) ~[fabric-loader-0.16.9.jar:?]
	at net.fabricmc.loader.impl.launch.knot.KnotClassDelegate.loadClass(KnotClassDelegate.java:218) ~[fabric-loader-0.16.9.jar:?]
	at net.fabricmc.loader.impl.launch.knot.KnotClassLoader.loadClass(KnotClassLoader.java:119) ~[fabric-loader-0.16.9.jar:?]
	at java.base/java.lang.ClassLoader.loadClass(ClassLoader.java:490) ~[?:?]
	at knot/net.minecraft.CrashReport.<init>(CrashReport.java:35) ~[minecraft-merged-bb0e1db5a6-1.21.1-loom.mappings.1_21_1.layered+hash.2198-v2.jar:?]
	at knot/net.minecraft.CrashReport.forThrowable(CrashReport.java:226) ~[minecraft-merged-bb0e1db5a6-1.21.1-loom.mappings.1_21_1.layered+hash.2198-v2.jar:?]
	at knot/net.minecraft.client.main.Main.main(Main.java:207) ~[minecraft-merged-bb0e1db5a6-1.21.1-loom.mappings.1_21_1.layered+hash.2198-v2.jar:?]
	at net.fabricmc.loader.impl.game.minecraft.MinecraftGameProvider.launch(MinecraftGameProvider.java:480) ~[fabric-loader-0.16.9.jar:?]
	... 3 more
Caused by: org.spongepowered.asm.mixin.transformer.throwables.MixinPreProcessorException: Attach error for fabric-crash-report-info-v1.mixins.json:SystemDetailsMixin from mod fabric-crash-report-info-v1 during activity: [Transform -> Method fillSystemDetails(Lorg/spongepowered/asm/mixin/injection/callback/CallbackInfo;)V -> INVOKEDYNAMIC -> get()Ljava/util/function/Supplier; -> java/lang/invoke/LambdaMetafactory::metafactory:(Ljava/lang/invoke/MethodHandles$Lookup;Ljava/lang/String;Ljava/lang/invoke/MethodType;Ljava/lang/invoke/MethodType;Ljava/lang/invoke/MethodHandle;Ljava/lang/invoke/MethodType;)Ljava/lang/invoke/CallSite;]
	at org.spongepowered.asm.mixin.transformer.MixinPreProcessorStandard.attach(MixinPreProcessorStandard.java:313) ~[sponge-mixin-0.15.4+mixin.0.8.7.jar:0.15.4+mixin.0.8.7]
	at org.spongepowered.asm.mixin.transformer.MixinPreProcessorStandard.createContextFor(MixinPreProcessorStandard.java:277) ~[sponge-mixin-0.15.4+mixin.0.8.7.jar:0.15.4+mixin.0.8.7]
	at org.spongepowered.asm.mixin.transformer.MixinInfo.createContextFor(MixinInfo.java:1292) ~[sponge-mixin-0.15.4+mixin.0.8.7.jar:0.15.4+mixin.0.8.7]
	at org.spongepowered.asm.mixin.transformer.MixinApplicatorStandard.apply(MixinApplicatorStandard.java:203) ~[sponge-mixin-0.15.4+mixin.0.8.7.jar:0.15.4+mixin.0.8.7]
	at org.spongepowered.asm.mixin.transformer.TargetClassContext.apply(TargetClassContext.java:437) ~[sponge-mixin-0.15.4+mixin.0.8.7.jar:0.15.4+mixin.0.8.7]
	at org.spongepowered.asm.mixin.transformer.TargetClassContext.applyMixins(TargetClassContext.java:418) ~[sponge-mixin-0.15.4+mixin.0.8.7.jar:0.15.4+mixin.0.8.7]
	at org.spongepowered.asm.mixin.transformer.MixinProcessor.applyMixins(MixinProcessor.java:363) ~[sponge-mixin-0.15.4+mixin.0.8.7.jar:0.15.4+mixin.0.8.7]
	at org.spongepowered.asm.mixin.transformer.MixinTransformer.transformClass(MixinTransformer.java:234) ~[sponge-mixin-0.15.4+mixin.0.8.7.jar:0.15.4+mixin.0.8.7]
	at org.spongepowered.asm.mixin.transformer.MixinTransformer.transformClassBytes(MixinTransformer.java:202) ~[sponge-mixin-0.15.4+mixin.0.8.7.jar:0.15.4+mixin.0.8.7]
	at net.fabricmc.loader.impl.launch.knot.KnotClassDelegate.getPostMixinClassByteArray(KnotClassDelegate.java:422) ~[fabric-loader-0.16.9.jar:?]
	at net.fabricmc.loader.impl.launch.knot.KnotClassDelegate.tryLoadClass(KnotClassDelegate.java:323) ~[fabric-loader-0.16.9.jar:?]
	at net.fabricmc.loader.impl.launch.knot.KnotClassDelegate.loadClass(KnotClassDelegate.java:218) ~[fabric-loader-0.16.9.jar:?]
	at net.fabricmc.loader.impl.launch.knot.KnotClassLoader.loadClass(KnotClassLoader.java:119) ~[fabric-loader-0.16.9.jar:?]
	at java.base/java.lang.ClassLoader.loadClass(ClassLoader.java:490) ~[?:?]
	at knot/net.minecraft.CrashReport.<init>(CrashReport.java:35) ~[minecraft-merged-bb0e1db5a6-1.21.1-loom.mappings.1_21_1.layered+hash.2198-v2.jar:?]
	at knot/net.minecraft.CrashReport.forThrowable(CrashReport.java:226) ~[minecraft-merged-bb0e1db5a6-1.21.1-loom.mappings.1_21_1.layered+hash.2198-v2.jar:?]
	at knot/net.minecraft.client.main.Main.main(Main.java:207) ~[minecraft-merged-bb0e1db5a6-1.21.1-loom.mappings.1_21_1.layered+hash.2198-v2.jar:?]
	at net.fabricmc.loader.impl.game.minecraft.MinecraftGameProvider.launch(MinecraftGameProvider.java:480) ~[fabric-loader-0.16.9.jar:?]
	... 3 more
Caused by: java.lang.RuntimeException: java.lang.ClassNotFoundException: java.lang.invoke.LambdaMetafactory
	at org.spongepowered.asm.mixin.transformer.MixinPreProcessorStandard.transformMemberReference(MixinPreProcessorStandard.java:791) ~[sponge-mixin-0.15.4+mixin.0.8.7.jar:0.15.4+mixin.0.8.7]
	at org.spongepowered.asm.mixin.transformer.MixinPreProcessorStandard.transformInvokeDynamic(MixinPreProcessorStandard.java:760) ~[sponge-mixin-0.15.4+mixin.0.8.7.jar:0.15.4+mixin.0.8.7]
	at org.spongepowered.asm.mixin.transformer.MixinPreProcessorStandard.transform(MixinPreProcessorStandard.java:747) ~[sponge-mixin-0.15.4+mixin.0.8.7.jar:0.15.4+mixin.0.8.7]
	at org.spongepowered.asm.mixin.transformer.MixinPreProcessorStandard.attach(MixinPreProcessorStandard.java:307) ~[sponge-mixin-0.15.4+mixin.0.8.7.jar:0.15.4+mixin.0.8.7]
	at org.spongepowered.asm.mixin.transformer.MixinPreProcessorStandard.createContextFor(MixinPreProcessorStandard.java:277) ~[sponge-mixin-0.15.4+mixin.0.8.7.jar:0.15.4+mixin.0.8.7]
	at org.spongepowered.asm.mixin.transformer.MixinInfo.createContextFor(MixinInfo.java:1292) ~[sponge-mixin-0.15.4+mixin.0.8.7.jar:0.15.4+mixin.0.8.7]
	at org.spongepowered.asm.mixin.transformer.MixinApplicatorStandard.apply(MixinApplicatorStandard.java:203) ~[sponge-mixin-0.15.4+mixin.0.8.7.jar:0.15.4+mixin.0.8.7]
	at org.spongepowered.asm.mixin.transformer.TargetClassContext.apply(TargetClassContext.java:437) ~[sponge-mixin-0.15.4+mixin.0.8.7.jar:0.15.4+mixin.0.8.7]
	at org.spongepowered.asm.mixin.transformer.TargetClassContext.applyMixins(TargetClassContext.java:418) ~[sponge-mixin-0.15.4+mixin.0.8.7.jar:0.15.4+mixin.0.8.7]
	at org.spongepowered.asm.mixin.transformer.MixinProcessor.applyMixins(MixinProcessor.java:363) ~[sponge-mixin-0.15.4+mixin.0.8.7.jar:0.15.4+mixin.0.8.7]
	at org.spongepowered.asm.mixin.transformer.MixinTransformer.transformClass(MixinTransformer.java:234) ~[sponge-mixin-0.15.4+mixin.0.8.7.jar:0.15.4+mixin.0.8.7]
	at org.spongepowered.asm.mixin.transformer.MixinTransformer.transformClassBytes(MixinTransformer.java:202) ~[sponge-mixin-0.15.4+mixin.0.8.7.jar:0.15.4+mixin.0.8.7]
	at net.fabricmc.loader.impl.launch.knot.KnotClassDelegate.getPostMixinClassByteArray(KnotClassDelegate.java:422) ~[fabric-loader-0.16.9.jar:?]
	at net.fabricmc.loader.impl.launch.knot.KnotClassDelegate.tryLoadClass(KnotClassDelegate.java:323) ~[fabric-loader-0.16.9.jar:?]
	at net.fabricmc.loader.impl.launch.knot.KnotClassDelegate.loadClass(KnotClassDelegate.java:218) ~[fabric-loader-0.16.9.jar:?]
	at net.fabricmc.loader.impl.launch.knot.KnotClassLoader.loadClass(KnotClassLoader.java:119) ~[fabric-loader-0.16.9.jar:?]
	at java.base/java.lang.ClassLoader.loadClass(ClassLoader.java:490) ~[?:?]
	at knot/net.minecraft.CrashReport.<init>(CrashReport.java:35) ~[minecraft-merged-bb0e1db5a6-1.21.1-loom.mappings.1_21_1.layered+hash.2198-v2.jar:?]
	at knot/net.minecraft.CrashReport.forThrowable(CrashReport.java:226) ~[minecraft-merged-bb0e1db5a6-1.21.1-loom.mappings.1_21_1.layered+hash.2198-v2.jar:?]
	at knot/net.minecraft.client.main.Main.main(Main.java:207) ~[minecraft-merged-bb0e1db5a6-1.21.1-loom.mappings.1_21_1.layered+hash.2198-v2.jar:?]
	at net.fabricmc.loader.impl.game.minecraft.MinecraftGameProvider.launch(MinecraftGameProvider.java:480) ~[fabric-loader-0.16.9.jar:?]
	... 3 more
Caused by: java.lang.ClassNotFoundException: java.lang.invoke.LambdaMetafactory
	at org.spongepowered.asm.mixin.transformer.MixinPreProcessorStandard.transformMemberReference(MixinPreProcessorStandard.java:791) ~[sponge-mixin-0.15.4+mixin.0.8.7.jar:0.15.4+mixin.0.8.7]
	at org.spongepowered.asm.mixin.transformer.MixinPreProcessorStandard.transformInvokeDynamic(MixinPreProcessorStandard.java:760) ~[sponge-mixin-0.15.4+mixin.0.8.7.jar:0.15.4+mixin.0.8.7]
	at org.spongepowered.asm.mixin.transformer.MixinPreProcessorStandard.transform(MixinPreProcessorStandard.java:747) ~[sponge-mixin-0.15.4+mixin.0.8.7.jar:0.15.4+mixin.0.8.7]
	at org.spongepowered.asm.mixin.transformer.MixinPreProcessorStandard.attach(MixinPreProcessorStandard.java:307) ~[sponge-mixin-0.15.4+mixin.0.8.7.jar:0.15.4+mixin.0.8.7]
	at org.spongepowered.asm.mixin.transformer.MixinPreProcessorStandard.createContextFor(MixinPreProcessorStandard.java:277) ~[sponge-mixin-0.15.4+mixin.0.8.7.jar:0.15.4+mixin.0.8.7]
	at org.spongepowered.asm.mixin.transformer.MixinInfo.createContextFor(MixinInfo.java:1292) ~[sponge-mixin-0.15.4+mixin.0.8.7.jar:0.15.4+mixin.0.8.7]
	at org.spongepowered.asm.mixin.transformer.MixinApplicatorStandard.apply(MixinApplicatorStandard.java:203) ~[sponge-mixin-0.15.4+mixin.0.8.7.jar:0.15.4+mixin.0.8.7]
	at org.spongepowered.asm.mixin.transformer.TargetClassContext.apply(TargetClassContext.java:437) ~[sponge-mixin-0.15.4+mixin.0.8.7.jar:0.15.4+mixin.0.8.7]
	at org.spongepowered.asm.mixin.transformer.TargetClassContext.applyMixins(TargetClassContext.java:418) ~[sponge-mixin-0.15.4+mixin.0.8.7.jar:0.15.4+mixin.0.8.7]
	at org.spongepowered.asm.mixin.transformer.MixinProcessor.applyMixins(MixinProcessor.java:363) ~[sponge-mixin-0.15.4+mixin.0.8.7.jar:0.15.4+mixin.0.8.7]
	at org.spongepowered.asm.mixin.transformer.MixinTransformer.transformClass(MixinTransformer.java:234) ~[sponge-mixin-0.15.4+mixin.0.8.7.jar:0.15.4+mixin.0.8.7]
	at org.spongepowered.asm.mixin.transformer.MixinTransformer.transformClassBytes(MixinTransformer.java:202) ~[sponge-mixin-0.15.4+mixin.0.8.7.jar:0.15.4+mixin.0.8.7]
	at net.fabricmc.loader.impl.launch.knot.KnotClassDelegate.getPostMixinClassByteArray(KnotClassDelegate.java:422) ~[fabric-loader-0.16.9.jar:?]
	at net.fabricmc.loader.impl.launch.knot.KnotClassDelegate.tryLoadClass(KnotClassDelegate.java:323) ~[fabric-loader-0.16.9.jar:?]
	at net.fabricmc.loader.impl.launch.knot.KnotClassDelegate.loadClass(KnotClassDelegate.java:218) ~[fabric-loader-0.16.9.jar:?]
	at net.fabricmc.loader.impl.launch.knot.KnotClassLoader.loadClass(KnotClassLoader.java:119) ~[fabric-loader-0.16.9.jar:?]
	at java.base/java.lang.ClassLoader.loadClass(ClassLoader.java:490) ~[?:?]
	at knot/net.minecraft.CrashReport.<init>(CrashReport.java:35) ~[minecraft-merged-bb0e1db5a6-1.21.1-loom.mappings.1_21_1.layered+hash.2198-v2.jar:?]
	at knot/net.minecraft.CrashReport.forThrowable(CrashReport.java:226) ~[minecraft-merged-bb0e1db5a6-1.21.1-loom.mappings.1_21_1.layered+hash.2198-v2.jar:?]
	at knot/net.minecraft.client.main.Main.main(Main.java:207) ~[minecraft-merged-bb0e1db5a6-1.21.1-loom.mappings.1_21_1.layered+hash.2198-v2.jar:?]
	at net.fabricmc.loader.impl.game.minecraft.MinecraftGameProvider.launch(MinecraftGameProvider.java:480) ~[fabric-loader-0.16.9.jar:?]
	... 3 more

[Incubating] Problems report is available at: file:///Users/Boys/BetterEnd/build/reports/problems/problems-report.html

FAILURE: Build failed with an exception.

* What went wrong:
Execution failed for task ':runClient'.
> Process 'command '/Library/Java/JavaVirtualMachines/temurin-25.jdk/Contents/Home/bin/java'' finished with non-zero exit value 1

* Try:
> Run with --stacktrace option to get the stack trace.
> Run with --info or --debug option to get more log output.
> Run with --scan to get full insights from a Build Scan (powered by Develocity).
> Get more help at https://help.gradle.org.

Deprecated Gradle features were used in this build, making it incompatible with Gradle 10.

You can use '--warning-mode all' to show the individual deprecation warnings and determine if they come from your own scripts or plugins.

For more on this, please refer to https://docs.gradle.org/9.4.0/userguide/command_line_interface.html#sec:command_line_warnings in the Gradle documentation.

BUILD FAILED in 13s
7 actionable tasks: 2 executed, 5 up-to-date
