[16:42:50] [main/INFO] (FabricLoader/GameProvider) Loading Minecraft 1.21.1 with Fabric Loader 0.16.9
[16:42:50] [ForkJoinPool-1-worker-8/WARN] (FabricLoader/Metadata) "fabric.mod.json" from mod rei-fake did not have "schemaVersion" as first field.
[16:42:50] [ForkJoinPool-1-worker-8/WARN] (FabricLoader/Metadata) Mod rei-fake uses the version ABC which isn't compatible with Loader's extended semantic version format (Could not parse version number component 'ABC'!), SemVer is recommended for reliably evaluating dependencies and prioritizing newer version
[16:42:50] [main/INFO] (FabricLoader) Loading 79 mods:
	- bclib 21.0.13
	- betterend 21.0.11
	- cardinal-components-base 6.1.1
	- cardinal-components-entity 6.1.0
	- emi 1.1.8+1.21+fabric
	- fabric-api 0.102.0+1.21.1
	- fabric-api-base 0.4.42+6573ed8cd1
	- fabric-api-lookup-api-v1 1.6.68+b55973446a
	- fabric-biome-api-v1 13.0.29+5bd9f1bc6a
	- fabric-block-api-v1 1.0.22+0af3f5a77c
	- fabric-block-view-api-v2 1.0.10+6573ed8c7c
	- fabric-blockrenderlayer-v1 1.1.52+0af3f5a77c
	- fabric-client-tags-api-v1 1.1.15+6573ed8c7c
	- fabric-command-api-v1 1.2.49+f71b366f6a
	- fabric-command-api-v2 2.2.28+6ced4dd96a
	- fabric-commands-v0 0.2.66+df3654b36a
	- fabric-content-registries-v0 8.0.16+b55973446a
	- fabric-convention-tags-v1 2.0.19+7f945d5b6a
	- fabric-convention-tags-v2 2.5.0+c5e2b5c66a
	- fabric-crash-report-info-v1 0.2.29+0af3f5a77c
	- fabric-data-attachment-api-v1 1.1.27+1daea2156a
	- fabric-data-generation-api-v1 20.2.16+16c4ae256a
	- fabric-dimensions-v1 4.0.0+6fc22b997c
	- fabric-entity-events-v1 1.6.12+6fc22b9948
	- fabric-events-interaction-v0 0.7.12+ba9dae066a
	- fabric-game-rule-api-v1 1.0.53+6ced4dd96a
	- fabric-gametest-api-v1 2.0.4+6fc22b996a
	- fabric-item-api-v1 11.0.0+afdfc9217c
	- fabric-item-group-api-v1 4.1.4+780172706a
	- fabric-key-binding-api-v1 1.0.47+0af3f5a77c
	- fabric-keybindings-v0 0.2.45+df3654b37c
	- fabric-lifecycle-events-v1 2.3.12+6c1df3606a
	- fabric-loot-api-v2 3.0.14+3f89f5a56a
	- fabric-loot-api-v3 1.0.2+3f89f5a56a
	- fabric-message-api-v1 6.0.13+6573ed8c7c
	- fabric-model-loading-api-v1 2.0.0+fe474d6b7c
	- fabric-networking-api-v1 4.2.2+60c3209b6a
	- fabric-object-builder-api-v1 15.2.0+40875a936a
	- fabric-particles-v1 4.0.2+6573ed8c7c
	- fabric-recipe-api-v1 5.0.12+650897126a
	- fabric-registry-sync-v0 5.1.2+60c3209b6a
	- fabric-renderer-api-v1 3.4.0+c705a49c6a
	- fabric-renderer-indigo 1.7.0+c705a49c6a
	- fabric-renderer-registries-v1 3.2.68+df3654b36a
	- fabric-rendering-data-attachment-v1 0.3.48+73761d2e7c
	- fabric-rendering-fluids-v1 3.1.6+1daea2156a
	- fabric-rendering-v0 1.1.71+df3654b36a
	- fabric-rendering-v1 5.0.5+df16efd06a
	- fabric-resource-conditions-api-v1 4.3.0+8dc279b16a
	- fabric-resource-loader-v0 1.3.0+565991296a
	- fabric-screen-api-v1 2.0.24+b55973447c
	- fabric-screen-handler-api-v1 1.3.86+b55973446a
	- fabric-sound-api-v1 1.0.23+6573ed8c7c
	- fabric-transfer-api-v1 5.1.16+3dccd3436a
	- fabric-transitive-access-wideners-v1 6.1.0+1daea2156a
	- fabricloader 0.16.9
	- java 21
	- minecraft 1.21.1
	- mixinextras 0.4.1
	- rei-fake ABC
	- trinkets 3.10.0
	- wover 21.0.13
	- wover-biome 21.0.13
	- wover-block 21.0.13
	- wover-common 21.0.13
	- wover-core 21.0.13
	- wover-datagen 21.0.13
	- wover-events 21.0.13
	- wover-feature 21.0.13
	- wover-generator 21.0.13
	- wover-item 21.0.13
	- wover-math 21.0.13
	- wover-preset 21.0.13
	- wover-recipe 21.0.13
	- wover-structure 21.0.13
	- wover-surface 21.0.13
	- wover-tag 21.0.13
	- wover-ui 21.0.13
	- wunderlib 21.0.8
[16:42:50] [main/INFO] (FabricLoader/Mixin) SpongePowered MIXIN Subsystem Version=0.8.7 Source=file:/Users/Boys/.gradle/caches/modules-2/files-2.1/net.fabricmc/sponge-mixin/0.15.4+mixin.0.8.7/6a12aacc794f1078458433116e9ed42c1cc98096/sponge-mixin-0.15.4+mixin.0.8.7.jar Service=Knot/Fabric Env=CLIENT
[16:42:50] [main/INFO] (FabricLoader/Mixin) Loaded Fabric development mappings for mixin remapper!
[16:42:50] [main/INFO] (FabricLoader/Mixin) Compatibility level set to JAVA_17
[16:42:50] [main/INFO] (FabricLoader/Mixin) Compatibility level set to JAVA_21
[16:42:50] [main/WARN] (FabricLoader/Mixin) Error loading class: mezz/jei/library/load/PluginCaller (java.lang.ClassNotFoundException: mezz/jei/library/load/PluginCaller)
[16:42:50] [main/ERROR] (FabricLoader/Mixin) bclib.mixins.client.json:AnvilScreenMixin from mod bclib: method_25402 does not exist in target interface net.minecraft.client.gui.components.events.ContainerEventHandler
org.spongepowered.asm.mixin.transformer.throwables.InvalidMixinException: method_25402 does not exist in target interface net.minecraft.client.gui.components.events.ContainerEventHandler
	at org.spongepowered.asm.mixin.transformer.InterfaceInfo.renameMethod(InterfaceInfo.java:188) ~[sponge-mixin-0.15.4+mixin.0.8.7.jar:0.15.4+mixin.0.8.7]
	at org.spongepowered.asm.mixin.transformer.MixinPreProcessorStandard.prepareSoftImplements(MixinPreProcessorStandard.java:234) ~[sponge-mixin-0.15.4+mixin.0.8.7.jar:0.15.4+mixin.0.8.7]
	at org.spongepowered.asm.mixin.transformer.MixinPreProcessorStandard.prepareMethod(MixinPreProcessorStandard.java:215) ~[sponge-mixin-0.15.4+mixin.0.8.7.jar:0.15.4+mixin.0.8.7]
	at org.spongepowered.asm.mixin.transformer.MixinPreProcessorStandard.prepare(MixinPreProcessorStandard.java:184) ~[sponge-mixin-0.15.4+mixin.0.8.7.jar:0.15.4+mixin.0.8.7]
	at org.spongepowered.asm.mixin.transformer.MixinInfo$State.validateChanges(MixinInfo.java:442) ~[sponge-mixin-0.15.4+mixin.0.8.7.jar:0.15.4+mixin.0.8.7]
	at org.spongepowered.asm.mixin.transformer.MixinInfo$State.validate(MixinInfo.java:342) ~[sponge-mixin-0.15.4+mixin.0.8.7.jar:0.15.4+mixin.0.8.7]
	at org.spongepowered.asm.mixin.transformer.MixinInfo.validate(MixinInfo.java:913) ~[sponge-mixin-0.15.4+mixin.0.8.7.jar:0.15.4+mixin.0.8.7]
	at org.spongepowered.asm.mixin.transformer.MixinConfig.postInitialise(MixinConfig.java:884) [sponge-mixin-0.15.4+mixin.0.8.7.jar:0.15.4+mixin.0.8.7]
	at org.spongepowered.asm.mixin.transformer.MixinProcessor.prepareConfigs(MixinProcessor.java:568) [sponge-mixin-0.15.4+mixin.0.8.7.jar:0.15.4+mixin.0.8.7]
	at org.spongepowered.asm.mixin.transformer.MixinProcessor.select(MixinProcessor.java:462) [sponge-mixin-0.15.4+mixin.0.8.7.jar:0.15.4+mixin.0.8.7]
	at org.spongepowered.asm.mixin.transformer.MixinProcessor.checkSelect(MixinProcessor.java:438) [sponge-mixin-0.15.4+mixin.0.8.7.jar:0.15.4+mixin.0.8.7]
	at org.spongepowered.asm.mixin.transformer.MixinProcessor.applyMixins(MixinProcessor.java:290) [sponge-mixin-0.15.4+mixin.0.8.7.jar:0.15.4+mixin.0.8.7]
	at org.spongepowered.asm.mixin.transformer.MixinTransformer.transformClass(MixinTransformer.java:234) [sponge-mixin-0.15.4+mixin.0.8.7.jar:0.15.4+mixin.0.8.7]
	at org.spongepowered.asm.mixin.transformer.MixinTransformer.transformClassBytes(MixinTransformer.java:202) [sponge-mixin-0.15.4+mixin.0.8.7.jar:0.15.4+mixin.0.8.7]
	at net.fabricmc.loader.impl.launch.knot.KnotClassDelegate.getPostMixinClassByteArray(KnotClassDelegate.java:422) [fabric-loader-0.16.9.jar:?]
	at net.fabricmc.loader.impl.launch.knot.KnotClassDelegate.tryLoadClass(KnotClassDelegate.java:323) [fabric-loader-0.16.9.jar:?]
	at net.fabricmc.loader.impl.launch.knot.KnotClassDelegate.loadClass(KnotClassDelegate.java:218) [fabric-loader-0.16.9.jar:?]
	at net.fabricmc.loader.impl.launch.knot.KnotClassLoader.loadClass(KnotClassLoader.java:119) [fabric-loader-0.16.9.jar:?]
	at java.base/java.lang.ClassLoader.loadClass(ClassLoader.java:526) [?:?]
	at net.fabricmc.loader.impl.game.minecraft.MinecraftGameProvider.launch(MinecraftGameProvider.java:473) [fabric-loader-0.16.9.jar:?]
	at net.fabricmc.loader.impl.launch.knot.Knot.launch(Knot.java:74) [fabric-loader-0.16.9.jar:?]
	at net.fabricmc.loader.impl.launch.knot.KnotClient.main(KnotClient.java:23) [fabric-loader-0.16.9.jar:?]
	at net.fabricmc.devlaunchinjector.Main.main(Main.java:86) [dev-launch-injector-0.2.1+build.8.jar:?]
[16:42:51] [main/INFO] (FabricLoader/MixinExtras|Service) Initializing MixinExtras via com.llamalad7.mixinextras.service.MixinExtrasServiceImpl(version=0.4.1).
[16:42:52] [Datafixer Bootstrap/INFO] (Minecraft) 226 Datafixer optimizations took 259 milliseconds
[16:42:56] [Render thread/INFO] (Minecraft) Environment: Environment[sessionHost=https://sessionserver.mojang.com, servicesHost=https://api.minecraftservices.com, name=PROD]
[16:42:56] [Render thread/INFO] (Minecraft) Setting user: Player56
[16:43:01] [Render thread/INFO] (wover-core) (DEBUG) Creating registry: wover:wover/biome_codec
[16:43:01] [Render thread/WARN] (betterend) Generating Debug Helpers
[16:43:01] [Render thread/INFO] (wover-core) (DEBUG) Adding dynamic registry: wover:wover/world_preset_info
[16:43:01] [Render thread/INFO] (wover-core) (DEBUG) Adding dynamic registry bootstrap: minecraft:worldgen/world_preset
[16:43:01] [Render thread/INFO] (wover-core) (DEBUG) Adding dynamic registry bootstrap: minecraft:worldgen/flat_level_generator_preset
[16:43:01] [Render thread/INFO] (wover-core) (DEBUG) Adding dynamic registry bootstrap: minecraft:worldgen/biome
[16:43:01] [Render thread/INFO] (wover-core) (DEBUG) Creating registry: wover:wover/biome_predicates
[16:43:01] [Render thread/INFO] (wover-core) (DEBUG) Adding dynamic registry: wover:wover/worldgen/biome_modifications
[16:43:01] [Render thread/INFO] (wover-core) (DEBUG) Adding dynamic registry bootstrap: minecraft:worldgen/structure
[16:43:01] [Render thread/INFO] (wover-core) (DEBUG) Adding dynamic registry: wover:wover/worldgen/surface_rules
[16:43:01] [Render thread/INFO] (Indigo) [Indigo] Registering Indigo renderer!
[16:43:01] [Render thread/INFO] (Minecraft) Backend library: LWJGL version 3.3.3-snapshot
[16:43:04] [Render thread/INFO] (Minecraft) Reloading ResourceManager: vanilla, fabric, bclib, betterend, cardinal-components-base, cardinal-components-entity, emi, fabric-api, fabric-api-base, fabric-api-lookup-api-v1, fabric-biome-api-v1, fabric-block-api-v1, fabric-block-view-api-v2, fabric-blockrenderlayer-v1, fabric-client-tags-api-v1, fabric-command-api-v1, fabric-command-api-v2, fabric-commands-v0, fabric-content-registries-v0, fabric-convention-tags-v1, fabric-convention-tags-v2, fabric-crash-report-info-v1, fabric-data-attachment-api-v1, fabric-data-generation-api-v1, fabric-dimensions-v1, fabric-entity-events-v1, fabric-events-interaction-v0, fabric-game-rule-api-v1, fabric-gametest-api-v1, fabric-item-api-v1, fabric-item-group-api-v1, fabric-key-binding-api-v1, fabric-keybindings-v0, fabric-lifecycle-events-v1, fabric-loot-api-v2, fabric-loot-api-v3, fabric-message-api-v1, fabric-model-loading-api-v1, fabric-networking-api-v1, fabric-object-builder-api-v1, fabric-particles-v1, fabric-recipe-api-v1, fabric-registry-sync-v0, fabric-renderer-api-v1, fabric-renderer-indigo, fabric-renderer-registries-v1, fabric-rendering-data-attachment-v1, fabric-rendering-fluids-v1, fabric-rendering-v0, fabric-rendering-v1, fabric-resource-conditions-api-v1, fabric-resource-loader-v0, fabric-screen-api-v1, fabric-screen-handler-api-v1, fabric-sound-api-v1, fabric-transfer-api-v1, fabric-transitive-access-wideners-v1, fabricloader, trinkets, wover, wover-block, wover-core, wover-events, wover-generator, wover-preset, wover-surface, wover-ui, wunderlib
[16:43:04] [Worker-Main-2/INFO] (Minecraft) Found unifont_jp_patch-15.1.05.hex, loading
[16:43:04] [Worker-Main-6/INFO] (Minecraft) Found unifont_all_no_pua-15.1.05.hex, loading
[16:43:05] [Worker-Main-4/WARN] (Minecraft) Unable to load model: 'betterend:block/umbralith' referenced from: betterend:block/umbralith: java.io.FileNotFoundException: betterend:models/block/umbralith.json
[16:43:07] [Worker-Main-4/WARN] (Minecraft) Missing textures in model betterend:thallasium_chandelier#facing=down:
    minecraft:textures/atlas/blocks.png:betterend:block/thallasium_chandelier
[16:43:07] [Worker-Main-4/WARN] (Minecraft) Missing textures in model betterend:thallasium_chandelier#inventory:
    minecraft:textures/atlas/blocks.png:betterend:block/thallasium_chandelier
[16:43:07] [Worker-Main-4/WARN] (Minecraft) Missing textures in model betterend:debug/biome_loot#inventory:
    minecraft:textures/atlas/blocks.png:minecraft:item/oak_leaves
[16:43:07] [Render thread/WARN] (Minecraft) Missing sound for event: minecraft:item.goat_horn.play
[16:43:07] [Render thread/WARN] (Minecraft) Missing sound for event: minecraft:entity.goat.screaming.horn_break
[16:43:07] [Render thread/INFO] (Minecraft) OpenAL initialized on device External Headphones
[16:43:07] [Render thread/INFO] (Minecraft) Sound engine started
[16:43:07] [Render thread/INFO] (Minecraft) Created: 1024x1024x4 minecraft:textures/atlas/blocks.png-atlas
[16:43:07] [Render thread/INFO] (Minecraft) Created: 512x256x4 minecraft:textures/atlas/signs.png-atlas
[16:43:07] [Render thread/INFO] (Minecraft) Created: 512x512x4 minecraft:textures/atlas/shield_patterns.png-atlas
[16:43:07] [Render thread/INFO] (Minecraft) Created: 512x512x4 minecraft:textures/atlas/banner_patterns.png-atlas
[16:43:07] [Render thread/INFO] (Minecraft) Created: 1024x1024x4 minecraft:textures/atlas/armor_trims.png-atlas
[16:43:07] [Render thread/INFO] (Minecraft) Created: 128x64x4 minecraft:textures/atlas/decorated_pot.png-atlas
[16:43:07] [Render thread/INFO] (Minecraft) Created: 512x512x4 minecraft:textures/atlas/chest.png-atlas
[16:43:07] [Render thread/INFO] (Minecraft) Created: 512x256x4 minecraft:textures/atlas/shulker_boxes.png-atlas
[16:43:07] [Render thread/INFO] (Minecraft) Created: 512x256x4 minecraft:textures/atlas/beds.png-atlas
[16:43:07] [Render thread/INFO] (Minecraft) Created: 512x256x0 minecraft:textures/atlas/particles.png-atlas
[16:43:07] [Render thread/INFO] (Minecraft) Created: 512x256x0 minecraft:textures/atlas/paintings.png-atlas
[16:43:07] [Render thread/INFO] (Minecraft) Created: 256x128x0 minecraft:textures/atlas/mob_effects.png-atlas
[16:43:07] [Render thread/INFO] (Minecraft) Created: 64x64x0 minecraft:textures/atlas/map_decorations.png-atlas
[16:43:07] [Render thread/INFO] (Minecraft) Created: 1024x512x0 minecraft:textures/atlas/gui.png-atlas
[16:43:07] [Render thread/WARN] (Minecraft) Shader rendertype_entity_translucent_emissive could not find sampler named Sampler2 in the specified shader program.
[16:43:07] [Render thread/INFO] (wover-ui) Received Version Info for minecraft=1.21.1, loader=fabric
[16:43:07] [Render thread/INFO] (wover-ui)  - wover:21.0.13
[16:43:07] [Render thread/INFO] (wover-ui)  - bclib:21.0.13
[16:43:07] [Render thread/INFO] (wover-ui)  - betterend:21.0.11
[16:43:10] [Render thread/INFO] (wover-events) (DEBUG) Emitting event: WORLD_FOLDER_READY (496b18ad, New World)
[16:43:10] [Render thread/INFO] (wover-events) (DEBUG) Emitting event: BEFORE_CLIENT_LOAD_SCREEN
[16:43:10] [Render thread/INFO] (bclib) Ignoring Patch{ModCore: bclib (bclib):3.0.11:196619}
[16:43:10] [Render thread/INFO] (bclib) Running Pre Patchers on /Users/Boys/BetterEnd/run/saves/New World/.
[16:43:10] [Render thread/INFO] (bclib) Everything up to date
[16:43:10] [Render thread/INFO] (wover-core) (DEBUG) Adding custom WORLDGEN_REGISTRIES
[16:43:10] [Render thread/INFO] (wover-core) Processing wover.datapack.registry Entrypoints
[16:43:10] [Render thread/INFO] (wover-core)     - Processing Entrypoint: org.betterx.wover.entrypoint.ItemDatapackRegistryEntrypoint
[16:43:10] [Render thread/INFO] (wover-core) (DEBUG) Adding dynamic registry bootstrap: minecraft:enchantment
[16:43:10] [Render thread/INFO] (wover-core)     - Processing Entrypoint: org.betterx.wover.entrypoint.BiomeDatapackRegistryEntrypoint
[16:43:10] [Render thread/INFO] (wover-core) (DEBUG) Adding dynamic registry: wover:wover/worldgen/biome_data
[16:43:10] [Render thread/INFO] (wover-core)     - Processing Entrypoint: org.betterx.wover.entrypoint.FeatureDatapackRegistryEntrypoint
[16:43:10] [Render thread/INFO] (wover-core) (DEBUG) Adding dynamic registry bootstrap: minecraft:worldgen/configured_feature
[16:43:10] [Render thread/INFO] (wover-core) (DEBUG) Adding dynamic registry bootstrap: minecraft:worldgen/placed_feature
[16:43:10] [Render thread/INFO] (wover-core)     - Processing Entrypoint: org.betterx.wover.entrypoint.StructureDatapackRegistryEntrypoint
[16:43:10] [Render thread/INFO] (wover-core) (DEBUG) Adding dynamic registry bootstrap: minecraft:worldgen/template_pool
[16:43:10] [Render thread/INFO] (wover-core) (DEBUG) Adding dynamic registry bootstrap: minecraft:worldgen/structure_set
[16:43:10] [Render thread/INFO] (wover-core)     - Processing Entrypoint: org.betterx.wover.entrypoint.SurfaceDatapackRegistryEntrypoint
[16:43:10] [Render thread/INFO] (wover-core) (DEBUG)     - Adding wover:wover/world_preset_info
[16:43:10] [Render thread/INFO] (wover-core) (DEBUG)     - Adding wover:wover/worldgen/biome_modifications
[16:43:10] [Render thread/INFO] (wover-core) (DEBUG)     - Adding wover:wover/worldgen/surface_rules
[16:43:10] [Render thread/INFO] (wover-core) (DEBUG)     - Adding wover:wover/worldgen/biome_data
[16:43:10] [Render thread/INFO] (wover-core) (DEBUG) Bootstrapping registry minecraft:dimension_type
[16:43:11] [Render thread/INFO] (wover-core) (DEBUG) Bootstrapping registry minecraft:worldgen/biome
[16:43:11] [Render thread/INFO] (wover-core) (DEBUG) Calling custom Registry Bootstrap on minecraft:worldgen/biome
[16:43:11] [Render thread/INFO] (wover-events) (DEBUG) Emitting event: BOOTSTRAP_BIOME_REGISTRY
[16:43:11] [Render thread/INFO] (wover-biome) (DEBUG) Biome getter changed, resetting bootstrap context
[16:43:11] [Render thread/INFO] (wover-events) (DEBUG) Emitting event: BOOTSTRAP_BIOMES_WITH_DATA
[16:43:11] [Render thread/INFO] (wover-core) (DEBUG) Bootstrapping registry minecraft:chat_type
[16:43:11] [Render thread/INFO] (wover-core) (DEBUG) Bootstrapping registry minecraft:worldgen/configured_carver
[16:43:11] [Render thread/INFO] (wover-core) (DEBUG) Bootstrapping registry minecraft:worldgen/configured_feature
[16:43:11] [Render thread/INFO] (wover-core) (DEBUG) Calling custom Registry Bootstrap on minecraft:worldgen/configured_feature
[16:43:11] [Render thread/INFO] (wover-events) (DEBUG) Emitting event: BOOTSTRAP_CONFIGURED_FEATURES
[16:43:11] [Render thread/INFO] (wover-core) (DEBUG) Bootstrapping registry minecraft:worldgen/placed_feature
[16:43:11] [Render thread/INFO] (wover-core) (DEBUG) Calling custom Registry Bootstrap on minecraft:worldgen/placed_feature
[16:43:11] [Render thread/INFO] (wover-events) (DEBUG) Emitting event: BOOTSTRAP_PLACED_FEATURES
[16:43:11] [Render thread/INFO] (wover-core) (DEBUG) Bootstrapping registry minecraft:worldgen/structure
[16:43:11] [Render thread/INFO] (wover-core) (DEBUG) Calling custom Registry Bootstrap on minecraft:worldgen/structure
[16:43:11] [Render thread/INFO] (wover-events) (DEBUG) Emitting event: BOOTSTRAP_STRUCTURES
[16:43:11] [Render thread/INFO] (wover-core) (DEBUG) Bootstrapping registry minecraft:worldgen/structure_set
[16:43:11] [Render thread/INFO] (wover-core) (DEBUG) Calling custom Registry Bootstrap on minecraft:worldgen/structure_set
[16:43:11] [Render thread/INFO] (wover-events) (DEBUG) Emitting event: BOOTSTRAP_STRUCTURE_SETS
[16:43:11] [Render thread/INFO] (wover-core) (DEBUG) Bootstrapping registry minecraft:worldgen/processor_list
[16:43:11] [Render thread/INFO] (wover-core) (DEBUG) Bootstrapping registry minecraft:worldgen/template_pool
[16:43:11] [Render thread/INFO] (wover-core) (DEBUG) Calling custom Registry Bootstrap on minecraft:worldgen/template_pool
[16:43:11] [Render thread/INFO] (wover-events) (DEBUG) Emitting event: BOOTSTRAP_TEMPLATE_POOLS
[16:43:11] [Render thread/INFO] (wover-core) (DEBUG) Bootstrapping registry minecraft:worldgen/noise_settings
[16:43:11] [Render thread/INFO] (wover-core) (DEBUG) Bootstrapping registry minecraft:worldgen/noise
[16:43:11] [Render thread/INFO] (wover-core) (DEBUG) Bootstrapping registry minecraft:worldgen/density_function
[16:43:11] [Render thread/INFO] (wover-generator) Updating Pickers for WoVer - The End  BiomeSource (56587a06)
[16:43:11] [Render thread/INFO] (wover-generator) Unable to build Biome List yet
[16:43:11] [Render thread/INFO] (wover-generator) (DEBUG) WoVer - The End  BiomeSource (56587a06)
    --> Map Update
[16:43:11] [Render thread/INFO] (wover-generator) (DEBUG) WoVer - The End  BiomeSource (56587a06)
    --> new height = 128
[16:43:11] [Render thread/INFO] (wover-generator) Created WoverChunkGenerator with org.betterx.wover.generator.impl.biomesource.end.WoverEndBiomeSource
[16:43:11] [Render thread/INFO] (wover-generator) Updating Pickers for WoVer - Nether BiomeSource (7eb2f43e)
[16:43:11] [Render thread/INFO] (wover-generator) Unable to build Biome List yet
[16:43:11] [Render thread/INFO] (wover-generator) (DEBUG) WoVer - Nether BiomeSource (7eb2f43e)
    --> Map Update
[16:43:11] [Render thread/INFO] (wover-generator) (DEBUG) WoVer - Nether BiomeSource (7eb2f43e)
    --> new height = 256
[16:43:11] [Render thread/INFO] (wover-generator) (DEBUG) WoVer - Nether BiomeSource (7eb2f43e)
    --> Map Update
[16:43:11] [Render thread/INFO] (wover-generator) Created WoverChunkGenerator with org.betterx.wover.generator.impl.biomesource.nether.WoverNetherBiomeSource
[16:43:11] [Render thread/INFO] (wover-generator) Updating Pickers for WoVer - The End  BiomeSource (8f450ff)
[16:43:11] [Render thread/INFO] (wover-generator) Unable to build Biome List yet
[16:43:11] [Render thread/INFO] (wover-generator) (DEBUG) WoVer - The End  BiomeSource (8f450ff)
    --> Map Update
[16:43:11] [Render thread/INFO] (wover-generator) (DEBUG) WoVer - The End  BiomeSource (8f450ff)
    --> new height = 128
[16:43:11] [Render thread/INFO] (wover-generator) Created WoverChunkGenerator with org.betterx.wover.generator.impl.biomesource.end.WoverEndBiomeSource
[16:43:11] [Render thread/INFO] (wover-generator) Updating Pickers for WoVer - Nether BiomeSource (4525d5df)
[16:43:11] [Render thread/INFO] (wover-generator) Unable to build Biome List yet
[16:43:11] [Render thread/INFO] (wover-generator) (DEBUG) WoVer - Nether BiomeSource (4525d5df)
    --> Map Update
[16:43:11] [Render thread/INFO] (wover-generator) (DEBUG) WoVer - Nether BiomeSource (4525d5df)
    --> new height = 128
[16:43:11] [Render thread/INFO] (wover-generator) (DEBUG) WoVer - Nether BiomeSource (4525d5df)
    --> Map Update
[16:43:11] [Render thread/INFO] (wover-generator) Created WoverChunkGenerator with org.betterx.wover.generator.impl.biomesource.nether.WoverNetherBiomeSource
[16:43:11] [Render thread/INFO] (wover-generator) Updating Pickers for WoVer - The End  BiomeSource (2173d23a)
[16:43:11] [Render thread/INFO] (wover-generator) Unable to build Biome List yet
[16:43:11] [Render thread/INFO] (wover-generator) (DEBUG) WoVer - The End  BiomeSource (2173d23a)
    --> Map Update
[16:43:11] [Render thread/INFO] (wover-generator) (DEBUG) WoVer - The End  BiomeSource (2173d23a)
    --> new height = 128
[16:43:11] [Render thread/INFO] (wover-generator) Created WoverChunkGenerator with org.betterx.wover.generator.impl.biomesource.end.WoverEndBiomeSource
[16:43:11] [Render thread/INFO] (wover-generator) Updating Pickers for WoVer - Nether BiomeSource (6c23fe44)
[16:43:11] [Render thread/INFO] (wover-generator) Unable to build Biome List yet
[16:43:11] [Render thread/INFO] (wover-generator) (DEBUG) WoVer - Nether BiomeSource (6c23fe44)
    --> Map Update
[16:43:11] [Render thread/INFO] (wover-generator) (DEBUG) WoVer - Nether BiomeSource (6c23fe44)
    --> new height = 128
[16:43:11] [Render thread/INFO] (wover-generator) (DEBUG) WoVer - Nether BiomeSource (6c23fe44)
    --> Map Update
[16:43:11] [Render thread/INFO] (wover-generator) Created WoverChunkGenerator with org.betterx.wover.generator.impl.biomesource.nether.WoverNetherBiomeSource
[16:43:11] [Render thread/INFO] (wover-core) (DEBUG) Bootstrapping registry minecraft:worldgen/world_preset
[16:43:11] [Render thread/INFO] (wover-core) (DEBUG) Calling custom Registry Bootstrap on minecraft:worldgen/world_preset
[16:43:11] [Render thread/INFO] (wover-events) (DEBUG) Emitting event: BOOTSTRAP_WORLD_PRESETS
[16:43:11] [Render thread/INFO] (wover-core) (DEBUG) Bootstrapping registry minecraft:worldgen/flat_level_generator_preset
[16:43:11] [Render thread/INFO] (wover-core) (DEBUG) Calling custom Registry Bootstrap on minecraft:worldgen/flat_level_generator_preset
[16:43:11] [Render thread/INFO] (wover-events) (DEBUG) Emitting event: BOOTSTRAP_FLAT_LEVEL_PRESETS
[16:43:11] [Render thread/INFO] (wover-core) (DEBUG) Bootstrapping registry minecraft:trim_pattern
[16:43:11] [Render thread/INFO] (wover-core) (DEBUG) Bootstrapping registry minecraft:trim_material
[16:43:11] [Render thread/INFO] (wover-core) (DEBUG) Bootstrapping registry minecraft:wolf_variant
[16:43:11] [Render thread/INFO] (wover-core) (DEBUG) Bootstrapping registry minecraft:painting_variant
[16:43:11] [Render thread/INFO] (wover-core) (DEBUG) Bootstrapping registry minecraft:damage_type
[16:43:11] [Render thread/INFO] (wover-core) (DEBUG) Bootstrapping registry minecraft:worldgen/multi_noise_biome_source_parameter_list
[16:43:11] [Render thread/INFO] (wover-core) (DEBUG) Bootstrapping registry minecraft:banner_pattern
[16:43:11] [Render thread/INFO] (wover-core) (DEBUG) Bootstrapping registry minecraft:enchantment
[16:43:11] [Render thread/INFO] (wover-core) (DEBUG) Calling custom Registry Bootstrap on minecraft:enchantment
[16:43:11] [Render thread/INFO] (wover-events) (DEBUG) Emitting event: BOOTSTRAP_ENCHANTMENTS
[16:43:11] [Render thread/INFO] (wover-core) (DEBUG) Bootstrapping registry minecraft:enchantment_provider
[16:43:11] [Render thread/INFO] (wover-core) (DEBUG) Bootstrapping registry minecraft:jukebox_song
[16:43:11] [Render thread/INFO] (wover-core) (DEBUG) Bootstrapping registry wover:wover/world_preset_info
[16:43:11] [Render thread/INFO] (wover-core) (DEBUG) Calling custom Registry Bootstrap on wover:wover/world_preset_info
[16:43:11] [Render thread/INFO] (wover-events) (DEBUG) Emitting event: BOOTSTRAP_WORLD_PRESET_INFO_REGISTRY
[16:43:11] [Render thread/INFO] (wover-core) (DEBUG) Bootstrapping registry wover:wover/worldgen/biome_modifications
[16:43:11] [Render thread/INFO] (wover-core) (DEBUG) Calling custom Registry Bootstrap on wover:wover/worldgen/biome_modifications
[16:43:11] [Render thread/INFO] (wover-events) (DEBUG) Emitting event: BOOTSTRAP_BIOME_MODIFICATION_REGISTRY
[16:43:11] [Render thread/INFO] (wover-core) (DEBUG) Bootstrapping registry wover:wover/worldgen/surface_rules
[16:43:11] [Render thread/INFO] (wover-core) (DEBUG) Calling custom Registry Bootstrap on wover:wover/worldgen/surface_rules
[16:43:11] [Render thread/INFO] (wover-events) (DEBUG) Emitting event: BOOTSTRAP_SURFACE_RULE_REGISTRY
[16:43:11] [Render thread/INFO] (wover-generator) Adding End Highland Biome to Fabric: betterend:amber_land
[16:43:11] [Render thread/INFO] (wover-generator) Adding End Highland Biome to Fabric: betterend:amber_land
[16:43:11] [Render thread/INFO] (wover-generator) Adding End Highland Biome to Fabric: betterend:blossoming_spires
[16:43:11] [Render thread/INFO] (wover-generator) Adding End Highland Biome to Fabric: betterend:blossoming_spires
[16:43:11] [Render thread/INFO] (wover-generator) Adding End Highland Biome to Fabric: betterend:chorus_forest
[16:43:11] [Render thread/INFO] (wover-generator) Adding End Highland Biome to Fabric: betterend:crystal_mountains
[16:43:11] [Render thread/INFO] (wover-generator) Adding End Highland Biome to Fabric: betterend:crystal_mountains
[16:43:11] [Render thread/INFO] (wover-generator) Adding End Highland Biome to Fabric: betterend:dragon_graveyards
[16:43:11] [Render thread/INFO] (wover-generator) Adding End Highland Biome to Fabric: betterend:dragon_graveyards
[16:43:11] [Render thread/INFO] (wover-generator) Adding End Highland Biome to Fabric: betterend:dry_shrubland
[16:43:11] [Render thread/INFO] (wover-generator) Adding End Highland Biome to Fabric: betterend:dry_shrubland
[16:43:11] [Render thread/INFO] (wover-generator) Adding End Highland Biome to Fabric: betterend:dust_wastelands
[16:43:11] [Render thread/INFO] (wover-generator) Adding End Highland Biome to Fabric: betterend:foggy_mushroomland
[16:43:11] [Render thread/INFO] (wover-generator) Adding End Highland Biome to Fabric: betterend:foggy_mushroomland
[16:43:11] [Render thread/INFO] (wover-generator) Adding End Highland Biome to Fabric: betterend:glowing_grasslands
[16:43:11] [Render thread/INFO] (wover-generator) Adding End Highland Biome to Fabric: betterend:glowing_grasslands
[16:43:11] [Render thread/INFO] (wover-generator) Adding Small End Island Biome to Fabric: betterend:ice_starfield
[16:43:11] [Render thread/INFO] (wover-generator) Adding End Highland Biome to Fabric: betterend:lantern_woods
[16:43:11] [Render thread/INFO] (wover-generator) Adding End Highland Biome to Fabric: betterend:lantern_woods
[16:43:11] [Render thread/INFO] (wover-generator) Adding End Highland Biome to Fabric: betterend:megalake
[16:43:11] [Render thread/INFO] (wover-generator) Adding End Highland Biome to Fabric: betterend:megalake
[16:43:11] [Render thread/INFO] (wover-generator) Adding End Highland Biome to Fabric: betterend:megalake_grove
[16:43:11] [Render thread/INFO] (wover-generator) Adding End Highland Biome to Fabric: betterend:megalake_grove
[16:43:11] [Render thread/INFO] (wover-generator) Adding End Highland Biome to Fabric: betterend:neon_oasis
[16:43:11] [Render thread/INFO] (wover-generator) Adding End Highland Biome to Fabric: betterend:neon_oasis
[16:43:11] [Render thread/INFO] (wover-generator) Adding End Highland Biome to Fabric: betterend:painted_mountains
[16:43:11] [Render thread/INFO] (wover-generator) Adding End Highland Biome to Fabric: betterend:painted_mountains
[16:43:11] [Render thread/INFO] (wover-generator) Adding End Highland Biome to Fabric: betterend:shadow_forest
[16:43:11] [Render thread/INFO] (wover-generator) Adding End Highland Biome to Fabric: betterend:shadow_forest
[16:43:11] [Render thread/INFO] (wover-generator) Adding End Highland Biome to Fabric: betterend:sulphur_springs
[16:43:11] [Render thread/INFO] (wover-generator) Adding End Highland Biome to Fabric: betterend:sulphur_springs
[16:43:11] [Render thread/INFO] (wover-generator) Adding End Highland Biome to Fabric: betterend:umbra_valley
[16:43:11] [Render thread/INFO] (wover-generator) Adding End Highland Biome to Fabric: betterend:umbra_valley
[16:43:11] [Render thread/INFO] (wover-generator) Adding End Highland Biome to Fabric: betterend:umbrella_jungle
[16:43:11] [Render thread/INFO] (wover-generator) Adding End Highland Biome to Fabric: betterend:umbrella_jungle
[16:43:11] [Render thread/INFO] (wover-core) (DEBUG) Bootstrapping registry wover:wover/worldgen/biome_data
[16:43:11] [Render thread/INFO] (wover-core) (DEBUG) Calling custom Registry Bootstrap on wover:wover/worldgen/biome_data
[16:43:11] [Render thread/INFO] (wover-events) (DEBUG) Emitting event: BOOTSTRAP_BIOME_DATA_REGISTRY
[16:43:11] [Render thread/INFO] (wover-core) (DEBUG) Bootstrapping registry minecraft:dimension
[16:43:11] [Render thread/INFO] (wover-generator) Updating Pickers for WoVer - Nether BiomeSource (1f67d8cb)
[16:43:11] [Render thread/INFO] (wover-generator) Unable to build Biome List yet
[16:43:11] [Render thread/INFO] (wover-generator) (DEBUG) WoVer - Nether BiomeSource (1f67d8cb)
    --> Map Update
[16:43:11] [Render thread/INFO] (wover-generator) (DEBUG) WoVer - Nether BiomeSource (1f67d8cb)
    --> new height = 128
[16:43:11] [Render thread/INFO] (wover-generator) (DEBUG) WoVer - Nether BiomeSource (1f67d8cb)
    --> Map Update
[16:43:11] [Render thread/INFO] (wover-generator) Created WoverChunkGenerator with org.betterx.wover.generator.impl.biomesource.nether.WoverNetherBiomeSource
[16:43:11] [Render thread/INFO] (wover-generator) Updating Pickers for WoVer - The End  BiomeSource (4b8c4c74)
[16:43:11] [Render thread/INFO] (wover-generator) Unable to build Biome List yet
[16:43:11] [Render thread/INFO] (wover-generator) (DEBUG) WoVer - The End  BiomeSource (4b8c4c74)
    --> Map Update
[16:43:11] [Render thread/INFO] (wover-generator) (DEBUG) WoVer - The End  BiomeSource (4b8c4c74)
    --> new height = 128
[16:43:11] [Render thread/INFO] (wover-generator) Created WoverChunkGenerator with org.betterx.wover.generator.impl.biomesource.end.WoverEndBiomeSource
[16:43:11] [Render thread/INFO] (wover-events) (DEBUG) Emitting event: WORLD_REGISTRY_READY (27a13b58, PREPARATION)
[16:43:11] [Render thread/INFO] (wover-events) (DEBUG) Emitting event: BEFORE_LOADING_RESOURCES
[16:43:11] [Render thread/INFO] (wover-tag) (DEBUG) Invalidating TagBootstrapContext Caches
[16:43:11] [Worker-Main-7/INFO] (wover-events) (DEBUG) Emitting event: TAG_BOOTSTRAP_EVENT (tags/entity_type)
[16:43:11] [Worker-Main-2/INFO] (wover-events) (DEBUG) Emitting event: TAG_BOOTSTRAP_EVENT (tags/enchantment)
[16:43:11] [Worker-Main-1/INFO] (wover-events) (DEBUG) Emitting event: TAG_BOOTSTRAP_EVENT (tags/worldgen/biome)
[16:43:11] [Worker-Main-4/INFO] (wover-events) (DEBUG) Emitting event: TAG_BOOTSTRAP_EVENT (tags/item)
[16:43:11] [Worker-Main-3/INFO] (wover-events) (DEBUG) Emitting event: TAG_BOOTSTRAP_EVENT (tags/block)
[16:43:12] [Render thread/INFO] (wover-core) (DEBUG) Checking Resource from Datapack: 'bclib:config/recipes.json'
[16:43:12] [Render thread/INFO] (bclib) Disabling Recipe: bclib:test_star
[16:43:12] [Render thread/INFO] (Minecraft) Loaded 2120 recipes
[16:43:12] [Render thread/INFO] (wover-events) (DEBUG) Emitting event: BOOTSTRAP_RECIPES
[16:43:12] [Render thread/INFO] (wover-recipe) Added 0 recipes in 1ms
[16:43:12] [Render thread/INFO] (Minecraft) Loaded 2258 advancements
[16:43:12] [Render thread/INFO] (wover-events) (DEBUG) Emitting event: WORLD_REGISTRY_READY (6f755a68, FINAL)
[16:43:12] [Render thread/INFO] (wover-events) (DEBUG) Emitting event: RESOURCES_LOADED
[16:43:12] [Render thread/INFO] (wover-core) (DEBUG) Checking Resource from Datapack: 'bclib:config/recipes.json'
[16:43:12] [Render thread/INFO] (wover-core) (DEBUG) Checking Resource from Datapack: 'bclib:config/recipes.json'
[16:43:12] [Render thread/INFO] (wover-events) (DEBUG) Emitting event: ON_DIMENSION_LOAD
[16:43:12] [Render thread/INFO] (wover-generator) Updating Pickers for WoVer - Nether BiomeSource (598ab863)
[16:43:12] [Render thread/INFO] (wover-generator) (DEBUG) WoVer - Nether BiomeSource (598ab863)
    --> Map Update
[16:43:12] [Render thread/INFO] (wover-generator) (DEBUG) WoVer - Nether BiomeSource (598ab863)
    --> new height = 128
[16:43:12] [Render thread/INFO] (wover-generator) (DEBUG) WoVer - Nether BiomeSource (598ab863)
    --> Map Update
[16:43:12] [Render thread/INFO] (wover-generator) Created WoverChunkGenerator with org.betterx.wover.generator.impl.biomesource.nether.WoverNetherBiomeSource
[16:43:12] [Render thread/INFO] (wover-generator) Updating Pickers for WoVer - The End  BiomeSource (52511dcf)
[16:43:12] [Render thread/INFO] (wover-generator) Added 5 Biomes
[16:43:12] [Render thread/INFO] (wover-generator)  - betterend:neon_oasis, subbiomes=1
[16:43:12] [Render thread/INFO] (wover-generator)  - minecraft:end_barrens, subbiomes=1
[16:43:12] [Render thread/INFO] (wover-generator)  - betterend:megalake_grove, subbiomes=1
[16:43:12] [Render thread/INFO] (wover-generator)  - betterend:painted_mountains, subbiomes=1
[16:43:12] [Render thread/INFO] (wover-generator)  - minecraft:end_midlands, subbiomes=1
[16:43:12] [Render thread/INFO] (wover-generator) No Barrens Biomes found. Disabling by using land Biomes
[16:43:12] [Render thread/INFO] (wover-generator) (DEBUG) WoVer - The End  BiomeSource (52511dcf)
    --> Map Update
[16:43:12] [Render thread/INFO] (wover-generator) (DEBUG) WoVer - The End  BiomeSource (52511dcf)
    --> new height = 128
[16:43:12] [Render thread/INFO] (wover-generator) Created WoverChunkGenerator with org.betterx.wover.generator.impl.biomesource.end.WoverEndBiomeSource
[16:43:12] [Render thread/INFO] (wover-generator) Added Tags for 1 fabric biomes in 2.204 ms
[16:43:12] [Render thread/INFO] (wover-generator) Updating Pickers for WoVer - Nether BiomeSource (598ab863)
[16:43:12] [Render thread/INFO] (wover-generator) (DEBUG) WoVer - Nether BiomeSource (598ab863)
    --> Map Update
[16:43:12] [Render thread/INFO] (wover-generator) Updating Pickers for WoVer - Nether BiomeSource (1f67d8cb)
[16:43:12] [Render thread/INFO] (wover-generator) (DEBUG) WoVer - Nether BiomeSource (1f67d8cb)
    --> Map Update
[16:43:12] [Render thread/INFO] (wover-generator) Updating Pickers for WoVer - Nether BiomeSource (1f67d8cb)
[16:43:12] [Render thread/INFO] (wover-generator) (DEBUG) WoVer - Nether BiomeSource (1f67d8cb)
    --> Map Update
[16:43:12] [Render thread/INFO] (wover-generator) Added 6 biomes to wover:is_end/highland in 2.539 ms
[16:43:12] [Render thread/INFO] (wover-generator) Updating Pickers for WoVer - The End  BiomeSource (52511dcf)
[16:43:12] [Render thread/INFO] (wover-generator) Added 5 Biomes
[16:43:12] [Render thread/INFO] (wover-generator)  - betterend:neon_oasis, subbiomes=1
[16:43:12] [Render thread/INFO] (wover-generator)  - minecraft:end_barrens, subbiomes=1
[16:43:12] [Render thread/INFO] (wover-generator)  - betterend:megalake_grove, subbiomes=1
[16:43:12] [Render thread/INFO] (wover-generator)  - betterend:painted_mountains, subbiomes=1
[16:43:12] [Render thread/INFO] (wover-generator)  - minecraft:end_midlands, subbiomes=1
[16:43:12] [Render thread/INFO] (wover-generator) No Barrens Biomes found. Disabling by using land Biomes
[16:43:12] [Render thread/INFO] (wover-generator) (DEBUG) WoVer - The End  BiomeSource (52511dcf)
    --> Map Update
[16:43:12] [Render thread/INFO] (wover-generator) Updating Pickers for WoVer - The End  BiomeSource (4b8c4c74)
[16:43:12] [Render thread/INFO] (wover-generator) Added 5 Biomes
[16:43:12] [Render thread/INFO] (wover-generator)  - betterend:neon_oasis, subbiomes=1
[16:43:12] [Render thread/INFO] (wover-generator)  - minecraft:end_barrens, subbiomes=1
[16:43:12] [Render thread/INFO] (wover-generator)  - betterend:megalake_grove, subbiomes=1
[16:43:12] [Render thread/INFO] (wover-generator)  - betterend:painted_mountains, subbiomes=1
[16:43:12] [Render thread/INFO] (wover-generator)  - minecraft:end_midlands, subbiomes=1
[16:43:12] [Render thread/INFO] (wover-generator) No Barrens Biomes found. Disabling by using land Biomes
[16:43:12] [Render thread/INFO] (wover-generator) (DEBUG) WoVer - The End  BiomeSource (4b8c4c74)
    --> Map Update
[16:43:12] [Render thread/INFO] (wover-generator) Updating Pickers for WoVer - The End  BiomeSource (4b8c4c74)
[16:43:12] [Render thread/INFO] (wover-generator) Added 5 Biomes
[16:43:12] [Render thread/INFO] (wover-generator)  - betterend:neon_oasis, subbiomes=1
[16:43:12] [Render thread/INFO] (wover-generator)  - minecraft:end_barrens, subbiomes=1
[16:43:12] [Render thread/INFO] (wover-generator)  - betterend:megalake_grove, subbiomes=1
[16:43:12] [Render thread/INFO] (wover-generator)  - betterend:painted_mountains, subbiomes=1
[16:43:12] [Render thread/INFO] (wover-generator)  - minecraft:end_midlands, subbiomes=1
[16:43:12] [Render thread/INFO] (wover-generator) No Barrens Biomes found. Disabling by using land Biomes
[16:43:12] [Render thread/INFO] (wover-generator) (DEBUG) WoVer - The End  BiomeSource (4b8c4c74)
    --> Map Update
[16:43:12] [Render thread/INFO] (wover-events) (DEBUG) Emitting event: ALLOW_EXPERIMENTAL_WARNING_SCREEN
[16:43:14] [Render thread/INFO] (wover-events) (DEBUG) Emitting event: BOOTSTRAP_POTIONS
[16:43:14] [Render thread/INFO] (wover-events) (DEBUG) Emitting event: MINECRAFT_SERVER_READY
[16:43:14] [Render thread/INFO] (wover-biome) Applied 4 biome modifications and added 0 tags to 4 of 89 biomes in 2.742 ms
[16:43:14] [Render thread/INFO] (BiomeModificationImpl) Applied 0 biome modifications to 0 of 89 new biomes in 568.1 μs
[16:43:14] [Server thread/INFO] (Minecraft) Starting integrated minecraft server version 1.21.1
[16:43:14] [Server thread/INFO] (Minecraft) Generating keypair
[16:43:14] [Server thread/INFO] (wover-events) (DEBUG) Emitting event: BEFORE_CREATING_LEVELS
[16:43:14] [Server thread/INFO] (wover-generator) World Dimensions: 
 - minecraft:overworld: 
     NoiseBasedChunkGenerator (6a0f9a6a)
         preset     = minecraft:normal
         noise      = minecraft:overworld
         features   = minecraft(151)
     MultiNoiseBiomeSource (18517aa5)
         biomes     = 53
         namespaces = minecraft(53)
 - minecraft:the_nether: 
     WoVer - Chunk Generator (8102e2c)
         preset     = wover:normal
         noise      = minecraft:nether
         features   = minecraft(37)
     WoVer - Nether BiomeSource (1f67d8cb)
         biomes     = 5
         namespaces = minecraft(5)
         seed       = -1990604013739852363
         height     = 128
         config     = NetherConfig{mapVersion=hex, useVerticalBiomes=true, biomeSize=16, biomeSizeVertical=5}
 - minecraft:the_end: 
     WoVer - Chunk Generator (6eff7ff2)
         preset     = wover:normal
         noise      = minecraft:end
         features   = minecraft(5), betterend(127)
     WoVer - The End  BiomeSource (4b8c4c74)
         biomes     = 24
         namespaces = betterend(19), minecraft(5)
         seed       = -1990604013739852363
         height     = 128
         deciders   = 0
         config     = EndConfig{mapVersion=hex, generatorVersion=vanilla, withVoidBiomes=true, innerVoidRadius=1024, voidBiomesSize=16, centerBiomesSize=16, landBiomesSize=16, barrensBiomesSize=16}
[16:43:14] [Server thread/INFO] (wover-surface) Merged 19 additional Surface Rules for Dimension minecraft:the_end => 20 (283.2 μs) using WoVer - The End  BiomeSource (4b8c4c74)
    biomes     = 24
    namespaces = betterend(19), minecraft(5)
    seed       = -1990604013739852363
    height     = 128
    deciders   = 0
    config     = EndConfig{mapVersion=hex, generatorVersion=vanilla, withVoidBiomes=true, innerVoidRadius=1024, voidBiomesSize=16, centerBiomesSize=16, landBiomesSize=16, barrensBiomesSize=16}
[16:43:14] [Server thread/INFO] (wover-events) (DEBUG) Emitting event: SERVER_LEVEL_READY
[16:43:14] [Server thread/INFO] (wover-generator) Added 2 Biomes
[16:43:14] [Server thread/INFO] (wover-generator)  - minecraft:end_barrens, subbiomes=1
[16:43:14] [Server thread/INFO] (wover-generator)  - minecraft:end_midlands, subbiomes=1
[16:43:15] [Server thread/INFO] (wover-events) (DEBUG) Emitting event: SERVER_LEVEL_READY
[16:43:15] [Server thread/INFO] (wover-generator) Added 2 Biomes
[16:43:15] [Server thread/INFO] (wover-generator)  - minecraft:end_barrens, subbiomes=1
[16:43:15] [Server thread/INFO] (wover-generator)  - minecraft:end_midlands, subbiomes=1
[16:43:15] [Server thread/INFO] (wover-events) (DEBUG) Emitting event: SERVER_LEVEL_READY
[16:43:15] [Server thread/INFO] (wover-generator) Added 2 Biomes
[16:43:15] [Server thread/INFO] (wover-generator)  - minecraft:end_barrens, subbiomes=1
[16:43:15] [Server thread/INFO] (wover-generator)  - minecraft:end_midlands, subbiomes=1
[16:43:15] [Server thread/INFO] (Minecraft) Preparing start region for dimension minecraft:overworld
[16:43:15] [Render thread/INFO] (Minecraft) Preparing spawn area: 0%
[16:43:16] [Render thread/INFO] (Minecraft) Time elapsed: 340 ms
[16:43:16] [Server thread/WARN] (ConventionLogWarnings) 
	Dev warning - Legacy Tags detected. Please migrate your old tags to our new format that follows better conventions!
	See classes under net.fabricmc.fabric.api.tag.convention.v2 package for all tags.

	NOTE: Many tags have been moved around or renamed. Some new ones were added so please review the new tags.
	And make sure you follow tag conventions for new tags! The convention is `c` with nouns generally being plural and adjectives being singular.
	You can disable this message by this system property to your runs: `-Dfabric-tag-conventions-v1.legacyTagWarning=SILENCED`.
	To see individual legacy tags found, set the system property to `-Dfabric-tag-conventions-v1.legacyTagWarning=VERBOSE` instead. Default is `SHORT`.

[16:43:16] [Server thread/WARN] (TranslationConventionLogWarnings) 
	Dev warning - Untranslated Item Tags detected. Please translate your item tags so other mods such as recipe viewers can properly display your tag's name.
	The format desired is tag.item.<namespace>.<path> for the translation key with slashes in path turned into periods.
	To disable this message, set this system property in your runs: `-Dfabric-tag-conventions-v2.missingTagTranslationWarning=SILENCED`.
	To see individual untranslated item tags found, set the system property to `-Dfabric-tag-conventions-v2.missingTagTranslationWarning=VERBOSE`.
	Default is `SHORT`.

[16:43:16] [Server thread/INFO] (Minecraft) Changing view distance to 32, from 10
[16:43:16] [Server thread/INFO] (Minecraft) Changing simulation distance to 32, from 0
[16:43:16] [Render thread/INFO] (EMI) [EMI] Recipes synchronized, waiting for tags to reload EMI...
[16:43:16] [Render thread/INFO] (wover-events) (DEBUG) Emitting event: BOOTSTRAP_POTIONS
[16:43:16] [Server thread/INFO] (Minecraft) Player56[local:E:061b00f4] logged in with entity id 81 at (2.5, 85.0, 3.5)
[16:43:16] [Server thread/INFO] (Minecraft) Player56 joined the game
[16:43:17] [Render thread/INFO] (EMI) [EMI] Joining server, EMI waiting for data from server...
[16:43:17] [Render thread/INFO] (EMI) [EMI] Tags synchronized, reloading EMI
[16:43:17] [Render thread/INFO] (EMI) [EMI] Starting Reload
[16:43:17] [Thread-10/INFO] (EMI) [EMI] Starting EMI reload...
[16:43:17] [Thread-10/INFO] (EMI) [EMI] Clearing data
[16:43:17] [Render thread/INFO] (Minecraft) Loaded 2 advancements
[16:43:17] [Thread-10/INFO] (EMI) [EMI] Initializing plugin from emi
[16:43:17] [Thread-10/INFO] (EMI) [EMI] Initialized plugin from emi in 6ms
[16:43:17] [Thread-10/INFO] (EMI) [EMI] Initializing plugin from betterend
[16:43:17] [Thread-10/INFO] (EMI) [EMI] Initialized plugin from betterend in 0ms
[16:43:17] [Thread-10/INFO] (EMI) [EMI] Initializing plugin from bclib
[16:43:17] [Thread-10/INFO] (EMI) [EMI] Initialized plugin from bclib in 0ms
[16:43:17] [Thread-10/INFO] (EMI) [EMI] Initializing plugin from trinkets
[16:43:17] [Thread-10/INFO] (EMI) [EMI] Initialized plugin from trinkets in 0ms
[16:43:17] [Thread-10/INFO] (EMI) [EMI] Processing tags
[16:43:17] [Thread-10/ERROR] (EMI) [EMI] Untranslated tag #betterend:anvil_tool/aeternium
[16:43:17] [Thread-10/ERROR] (EMI) [EMI] Untranslated tag #betterend:anvil_tool/diamond
[16:43:17] [Thread-10/ERROR] (EMI) [EMI] Untranslated tag #betterend:anvil_tool/iron
[16:43:17] [Thread-10/ERROR] (EMI) [EMI] Untranslated tag #betterend:anvil_tool/netherite
[16:43:17] [Thread-10/ERROR] (EMI) [EMI] Untranslated tag #trinkets:chest/cape
[16:43:17] [Thread-10/ERROR] (EMI) [EMI] Untranslated tag #wover:compostable
[16:43:17] [Thread-10/ERROR] (EMI) [EMI] Untranslated tag #wover:furnaces
[16:43:17] [Thread-10/ERROR] (EMI) [EMI] Untranslated tag #wover:surfaces/soul_ground
[16:43:17] [Thread-10/ERROR] (EMI) [EMI] Untranslated tag #wover:tools/hammers
[16:43:17] [Thread-10/ERROR] (EMI) [EMI] Untranslated tag #wover:vegetation/leaves
[16:43:17] [Thread-10/ERROR] (EMI) [EMI] Untranslated tag #wover:vegetation/saplings
[16:43:17] [Thread-10/ERROR] (EMI) [EMI] Untranslated tag #wover:vegetation/seeds
[16:43:17] [Thread-10/ERROR] (EMI) [EMI] Untranslated tag #wover:water_bottles
[16:43:17] [Thread-10/ERROR] (EMI) [EMI] Untranslated tag #wover:workbench
[16:43:17] [Thread-10/INFO] (EMI) [EMI]  Tag warning can be disabled in the config, EMI docs describe how to add a translation or exclude tags.
[16:43:17] [Thread-10/INFO] (EMI) [EMI] Constructing index
[16:43:17] [Thread-10/INFO] (EMI) [EMI] Loading plugin from emi
[16:43:18] [Render thread/INFO] (Minecraft) Loaded 10 advancements
[16:43:18] [Thread-10/INFO] (EMI) [EMI] Reloaded plugin from emi in 1128ms
[16:43:18] [Thread-10/INFO] (EMI) [EMI] Loading plugin from betterend
[16:43:18] [Thread-10/INFO] (EMI) [EMI] Reloaded plugin from betterend in 3ms
[16:43:18] [Thread-10/INFO] (EMI) [EMI] Loading plugin from bclib
[16:43:18] [Thread-10/INFO] (EMI) [EMI] Reloaded plugin from bclib in 42ms
[16:43:18] [Thread-10/INFO] (EMI) [EMI] Loading plugin from trinkets
[16:43:18] [Thread-10/INFO] (EMI) [EMI] Reloaded plugin from trinkets in 1ms
[16:43:18] [Thread-10/INFO] (EMI) [EMI] Baking index
[16:43:18] [Thread-10/INFO] (EMI) [EMI] Registering late recipes
[16:43:18] [Thread-10/INFO] (EMI) [EMI] Baking recipes
[16:43:19] [Thread-10/INFO] (EMI) [EMI] Baked 4619 recipes in 294ms
[16:43:19] [Thread-10/INFO] (EMI) [EMI] Baking search
[16:43:19] [Thread-11/INFO] (EMI) [EMI] Baked recipes after reload in 99ms
[16:43:19] [Thread-10/INFO] (EMI) [EMI] Finishing up
[16:43:19] [Thread-10/INFO] (EMI) [EMI] Reloaded EMI in 2296ms
[16:43:53] [Server thread/INFO] (Minecraft) Saving and pausing game...
[16:43:53] [Server thread/INFO] (Minecraft) Saving chunks for level 'ServerLevel[New World]'/minecraft:overworld
[16:43:53] [Server thread/INFO] (Minecraft) Saving chunks for level 'ServerLevel[New World]'/minecraft:the_nether
[16:43:53] [Server thread/INFO] (Minecraft) Saving chunks for level 'ServerLevel[New World]'/minecraft:the_end
[16:43:53] [Render thread/INFO] (EMI) [EMI] Disconnecting from server, EMI data cleared
[16:43:53] [Thread-15/INFO] (EMI) [EMI] Clearing data
[16:43:53] [Server thread/INFO] (Minecraft) Player56 lost connection: Disconnected
[16:43:53] [Server thread/INFO] (Minecraft) Player56 left the game
[16:43:53] [Server thread/INFO] (Minecraft) Stopping singleplayer server as player logged out
[16:43:53] [Server thread/INFO] (Minecraft) Stopping server
[16:43:53] [Server thread/INFO] (Minecraft) Saving players
[16:43:53] [Server thread/INFO] (Minecraft) Saving worlds
[16:43:55] [Server thread/INFO] (Minecraft) Saving chunks for level 'ServerLevel[New World]'/minecraft:overworld
[16:43:56] [Server thread/INFO] (Minecraft) Saving chunks for level 'ServerLevel[New World]'/minecraft:the_nether
[16:43:56] [Server thread/INFO] (Minecraft) Saving chunks for level 'ServerLevel[New World]'/minecraft:the_end
[16:43:56] [Server thread/INFO] (Minecraft) ThreadedAnvilChunkStorage (New World): All chunks are saved
[16:43:56] [Server thread/INFO] (Minecraft) ThreadedAnvilChunkStorage (DIM-1): All chunks are saved
[16:43:56] [Server thread/INFO] (Minecraft) ThreadedAnvilChunkStorage (DIM1): All chunks are saved
[16:43:56] [Server thread/INFO] (Minecraft) ThreadedAnvilChunkStorage: All dimensions are saved
[16:43:59] [Render thread/INFO] (Minecraft) Stopping!
